2025-01-25 16:17:49,643 INFO  [main] o.s.b.t.a.w.s.WebMvcTestContextBootstrapper - Neither @ContextConfiguration nor @ContextHierarchy found for test class [market.controller.backend.OrdersControllerTest], using SpringBootContextLoader
2025-01-25 16:17:49,680 INFO  [main] o.s.t.c.s.AbstractContextLoader - Could not detect default resource locations for test class [market.controller.backend.OrdersControllerTest]: no resource found for suffixes {-context.xml, Context.groovy}.
2025-01-25 16:17:49,681 INFO  [main] o.s.t.c.s.AnnotationConfigContextLoaderUtils - Could not detect default configuration classes for test class [market.controller.backend.OrdersControllerTest]: OrdersControllerTest does not declare any static, non-private, non-final, nested classes annotated with @Configuration.
2025-01-25 16:17:49,962 INFO  [main] o.s.b.t.c.SpringBootTestContextBootstrapper - Found @SpringBootConfiguration market.controller.Application for test class market.controller.backend.OrdersControllerTest
2025-01-25 16:17:49,966 INFO  [main] o.s.b.t.a.w.s.WebMvcTestContextBootstrapper - Loaded default TestExecutionListener class names from location [META-INF/spring.factories]: [org.springframework.boot.test.mock.mockito.MockitoTestExecutionListener, org.springframework.boot.test.mock.mockito.ResetMocksTestExecutionListener, org.springframework.boot.test.autoconfigure.restdocs.RestDocsTestExecutionListener, org.springframework.boot.test.autoconfigure.web.client.MockRestServiceServerResetTestExecutionListener, org.springframework.boot.test.autoconfigure.web.servlet.MockMvcPrintOnlyOnFailureTestExecutionListener, org.springframework.boot.test.autoconfigure.web.servlet.WebDriverTestExecutionListener, org.springframework.boot.test.autoconfigure.webservices.client.MockWebServiceServerTestExecutionListener, org.springframework.test.context.web.ServletTestExecutionListener, org.springframework.test.context.support.DirtiesContextBeforeModesTestExecutionListener, org.springframework.test.context.event.ApplicationEventsTestExecutionListener, org.springframework.test.context.support.DependencyInjectionTestExecutionListener, org.springframework.test.context.support.DirtiesContextTestExecutionListener, org.springframework.test.context.transaction.TransactionalTestExecutionListener, org.springframework.test.context.jdbc.SqlScriptsTestExecutionListener, org.springframework.test.context.event.EventPublishingTestExecutionListener]
2025-01-25 16:17:49,999 INFO  [main] o.s.b.t.a.w.s.WebMvcTestContextBootstrapper - Using TestExecutionListeners: [org.springframework.test.context.web.ServletTestExecutionListener@209baf91, org.springframework.test.context.support.DirtiesContextBeforeModesTestExecutionListener@5e1d3188, org.springframework.test.context.event.ApplicationEventsTestExecutionListener@5982255e, org.springframework.boot.test.mock.mockito.MockitoTestExecutionListener@7306836f, org.springframework.boot.test.autoconfigure.SpringBootDependencyInjectionTestExecutionListener@e9c5db9, org.springframework.test.context.support.DirtiesContextTestExecutionListener@393aac93, org.springframework.test.context.transaction.TransactionalTestExecutionListener@71dac63f, org.springframework.test.context.jdbc.SqlScriptsTestExecutionListener@36003e90, org.springframework.test.context.event.EventPublishingTestExecutionListener@5a1ddc7c, org.springframework.boot.test.mock.mockito.ResetMocksTestExecutionListener@362fbd98, org.springframework.boot.test.autoconfigure.restdocs.RestDocsTestExecutionListener@11e36e5c, org.springframework.boot.test.autoconfigure.web.client.MockRestServiceServerResetTestExecutionListener@2620264e, org.springframework.boot.test.autoconfigure.web.servlet.MockMvcPrintOnlyOnFailureTestExecutionListener@126ae0ca, org.springframework.boot.test.autoconfigure.web.servlet.WebDriverTestExecutionListener@59e24c62, org.springframework.boot.test.autoconfigure.webservices.client.MockWebServiceServerTestExecutionListener@5379488c]
2025-01-25 16:17:51,205 INFO  [background-preinit] o.h.v.i.u.Version - HV000001: Hibernate Validator 6.1.7.Final
2025-01-25 16:17:51,229 INFO  [main] m.c.b.OrdersControllerTest - Starting OrdersControllerTest using Java 11.0.25 on daniela-VirtualBox with PID 82542 (started by daniela in /home/daniela/Downloads/EMB-master/jdk_11_maven/cs/rest-gui/market/market-web)
2025-01-25 16:17:51,232 DEBUG [main] m.c.b.OrdersControllerTest - Running with Spring Boot v2.4.3, Spring v5.3.4
2025-01-25 16:17:51,234 INFO  [main] m.c.b.OrdersControllerTest - No active profile set, falling back to default profiles: default
2025-01-25 16:17:51,262 WARN  [main] o.s.b.c.c.ConfigDataEnvironment - Property 'spring.profiles' imported from location 'class path resource [application.yml]' is invalid and should be replaced with 'spring.config.activate.on-profile' [origin: class path resource [application.yml] - 41:13]
2025-01-25 16:17:51,262 WARN  [main] o.s.b.c.c.ConfigDataEnvironment - Property 'spring.profiles' imported from location 'class path resource [application.yml]' is invalid and should be replaced with 'spring.config.activate.on-profile' [origin: class path resource [application.yml] - 24:13]
2025-01-25 16:17:53,229 INFO  [main] o.s.s.c.ThreadPoolTaskExecutor - Initializing ExecutorService 'applicationTaskExecutor'
2025-01-25 16:17:53,394 INFO  [main] o.s.b.a.w.s.WelcomePageHandlerMapping - Adding welcome page template: index
2025-01-25 16:17:53,758 INFO  [main] o.s.b.a.s.s.UserDetailsServiceAutoConfiguration - 

Using generated security password: fca35378-3697-4782-ab71-f006fd47e46c

2025-01-25 16:17:54,053 INFO  [main] o.s.s.w.DefaultSecurityFilterChain - Will secure any request with [org.springframework.security.web.context.request.async.WebAsyncManagerIntegrationFilter@78db9c86, org.springframework.security.web.context.SecurityContextPersistenceFilter@13d48b82, org.springframework.security.web.header.HeaderWriterFilter@2ffb1f37, org.springframework.security.web.csrf.CsrfFilter@227b4be7, org.springframework.security.web.authentication.logout.LogoutFilter@56e3aed9, org.springframework.security.web.authentication.UsernamePasswordAuthenticationFilter@5f06c6c8, org.springframework.security.web.authentication.ui.DefaultLoginPageGeneratingFilter@5f727670, org.springframework.security.web.authentication.ui.DefaultLogoutPageGeneratingFilter@3d548bf5, org.springframework.security.web.authentication.www.BasicAuthenticationFilter@4cfa25d1, org.springframework.security.web.savedrequest.RequestCacheAwareFilter@498c3541, org.springframework.security.web.servletapi.SecurityContextHolderAwareRequestFilter@a87e14b, org.springframework.security.web.authentication.AnonymousAuthenticationFilter@201de523, org.springframework.security.web.session.SessionManagementFilter@5589f2c0, org.springframework.security.web.access.ExceptionTranslationFilter@7e953be6, org.springframework.security.web.access.intercept.FilterSecurityInterceptor@706f5daa]
2025-01-25 16:17:54,177 INFO  [main] o.s.b.t.m.w.SpringBootMockServletContext - Initializing Spring TestDispatcherServlet ''
2025-01-25 16:17:54,177 INFO  [main] o.s.t.w.s.TestDispatcherServlet - Initializing Servlet ''
2025-01-25 16:17:54,179 INFO  [main] o.s.t.w.s.TestDispatcherServlet - Completed initialization in 2 ms
2025-01-25 16:17:54,207 INFO  [main] m.c.b.OrdersControllerTest - Started OrdersControllerTest in 3.682 seconds (JVM running for 6.434)
2025-01-25 16:17:54,290 INFO  [main] o.s.m.w.MockServletContext - Initializing Spring TestDispatcherServlet ''
2025-01-25 16:17:54,291 INFO  [main] o.s.t.w.s.TestDispatcherServlet - Initializing Servlet ''
2025-01-25 16:17:54,291 INFO  [main] o.s.t.w.s.TestDispatcherServlet - Completed initialization in 0 ms
2025-01-25 16:17:54,478 INFO  [main] o.s.m.w.MockServletContext - Initializing Spring TestDispatcherServlet ''
2025-01-25 16:17:54,478 INFO  [main] o.s.t.w.s.TestDispatcherServlet - Initializing Servlet ''
2025-01-25 16:17:54,478 INFO  [main] o.s.t.w.s.TestDispatcherServlet - Completed initialization in 0 ms
2025-01-25 16:17:54,526 INFO  [main] o.s.b.t.a.w.s.WebMvcTestContextBootstrapper - Neither @ContextConfiguration nor @ContextHierarchy found for test class [market.controller.backend.RegionControllerTest], using SpringBootContextLoader
2025-01-25 16:17:54,526 INFO  [main] o.s.t.c.s.AbstractContextLoader - Could not detect default resource locations for test class [market.controller.backend.RegionControllerTest]: no resource found for suffixes {-context.xml, Context.groovy}.
2025-01-25 16:17:54,526 INFO  [main] o.s.t.c.s.AnnotationConfigContextLoaderUtils - Could not detect default configuration classes for test class [market.controller.backend.RegionControllerTest]: RegionControllerTest does not declare any static, non-private, non-final, nested classes annotated with @Configuration.
2025-01-25 16:17:54,533 INFO  [main] o.s.b.t.c.SpringBootTestContextBootstrapper - Found @SpringBootConfiguration market.controller.Application for test class market.controller.backend.RegionControllerTest
2025-01-25 16:17:54,540 INFO  [main] o.s.b.t.a.w.s.WebMvcTestContextBootstrapper - Loaded default TestExecutionListener class names from location [META-INF/spring.factories]: [org.springframework.boot.test.mock.mockito.MockitoTestExecutionListener, org.springframework.boot.test.mock.mockito.ResetMocksTestExecutionListener, org.springframework.boot.test.autoconfigure.restdocs.RestDocsTestExecutionListener, org.springframework.boot.test.autoconfigure.web.client.MockRestServiceServerResetTestExecutionListener, org.springframework.boot.test.autoconfigure.web.servlet.MockMvcPrintOnlyOnFailureTestExecutionListener, org.springframework.boot.test.autoconfigure.web.servlet.WebDriverTestExecutionListener, org.springframework.boot.test.autoconfigure.webservices.client.MockWebServiceServerTestExecutionListener, org.springframework.test.context.web.ServletTestExecutionListener, org.springframework.test.context.support.DirtiesContextBeforeModesTestExecutionListener, org.springframework.test.context.event.ApplicationEventsTestExecutionListener, org.springframework.test.context.support.DependencyInjectionTestExecutionListener, org.springframework.test.context.support.DirtiesContextTestExecutionListener, org.springframework.test.context.transaction.TransactionalTestExecutionListener, org.springframework.test.context.jdbc.SqlScriptsTestExecutionListener, org.springframework.test.context.event.EventPublishingTestExecutionListener]
2025-01-25 16:17:54,540 INFO  [main] o.s.b.t.a.w.s.WebMvcTestContextBootstrapper - Using TestExecutionListeners: [org.springframework.test.context.web.ServletTestExecutionListener@4d4a19c2, org.springframework.test.context.support.DirtiesContextBeforeModesTestExecutionListener@26e1681c, org.springframework.test.context.event.ApplicationEventsTestExecutionListener@1b315b8e, org.springframework.boot.test.mock.mockito.MockitoTestExecutionListener@78ebb5d4, org.springframework.boot.test.autoconfigure.SpringBootDependencyInjectionTestExecutionListener@65f23702, org.springframework.test.context.support.DirtiesContextTestExecutionListener@487e0228, org.springframework.test.context.transaction.TransactionalTestExecutionListener@5982dd82, org.springframework.test.context.jdbc.SqlScriptsTestExecutionListener@7ce29673, org.springframework.test.context.event.EventPublishingTestExecutionListener@8dce4ca, org.springframework.boot.test.mock.mockito.ResetMocksTestExecutionListener@308bd8bb, org.springframework.boot.test.autoconfigure.restdocs.RestDocsTestExecutionListener@7f2a6de5, org.springframework.boot.test.autoconfigure.web.client.MockRestServiceServerResetTestExecutionListener@17933d7d, org.springframework.boot.test.autoconfigure.web.servlet.MockMvcPrintOnlyOnFailureTestExecutionListener@780661f1, org.springframework.boot.test.autoconfigure.web.servlet.WebDriverTestExecutionListener@16a6304a, org.springframework.boot.test.autoconfigure.webservices.client.MockWebServiceServerTestExecutionListener@3acf323e]
2025-01-25 16:17:54,575 INFO  [main] m.c.b.RegionControllerTest - Starting RegionControllerTest using Java 11.0.25 on daniela-VirtualBox with PID 82542 (started by daniela in /home/daniela/Downloads/EMB-master/jdk_11_maven/cs/rest-gui/market/market-web)
2025-01-25 16:17:54,575 DEBUG [main] m.c.b.RegionControllerTest - Running with Spring Boot v2.4.3, Spring v5.3.4
2025-01-25 16:17:54,576 INFO  [main] m.c.b.RegionControllerTest - No active profile set, falling back to default profiles: default
2025-01-25 16:17:54,578 WARN  [main] o.s.b.c.c.ConfigDataEnvironment - Property 'spring.profiles' imported from location 'class path resource [application.yml]' is invalid and should be replaced with 'spring.config.activate.on-profile' [origin: class path resource [application.yml] - 41:13]
2025-01-25 16:17:54,578 WARN  [main] o.s.b.c.c.ConfigDataEnvironment - Property 'spring.profiles' imported from location 'class path resource [application.yml]' is invalid and should be replaced with 'spring.config.activate.on-profile' [origin: class path resource [application.yml] - 24:13]
2025-01-25 16:17:55,007 INFO  [main] o.s.s.c.ThreadPoolTaskExecutor - Initializing ExecutorService 'applicationTaskExecutor'
2025-01-25 16:17:55,038 INFO  [main] o.s.b.a.w.s.WelcomePageHandlerMapping - Adding welcome page template: index
2025-01-25 16:17:55,177 INFO  [main] o.s.b.a.s.s.UserDetailsServiceAutoConfiguration - 

Using generated security password: bb1a4e8b-dcd6-469e-94a4-fc43c5c265b3

2025-01-25 16:17:55,220 INFO  [main] o.s.s.w.DefaultSecurityFilterChain - Will secure any request with [org.springframework.security.web.context.request.async.WebAsyncManagerIntegrationFilter@2548c5ff, org.springframework.security.web.context.SecurityContextPersistenceFilter@150bb27f, org.springframework.security.web.header.HeaderWriterFilter@64e2db54, org.springframework.security.web.csrf.CsrfFilter@7a4d1c9f, org.springframework.security.web.authentication.logout.LogoutFilter@37f85a65, org.springframework.security.web.authentication.UsernamePasswordAuthenticationFilter@22f53e9b, org.springframework.security.web.authentication.ui.DefaultLoginPageGeneratingFilter@516139ce, org.springframework.security.web.authentication.ui.DefaultLogoutPageGeneratingFilter@285ba452, org.springframework.security.web.authentication.www.BasicAuthenticationFilter@4f260613, org.springframework.security.web.savedrequest.RequestCacheAwareFilter@d2d6a4e, org.springframework.security.web.servletapi.SecurityContextHolderAwareRequestFilter@7f6738c4, org.springframework.security.web.authentication.AnonymousAuthenticationFilter@23514624, org.springframework.security.web.session.SessionManagementFilter@7b0eff2, org.springframework.security.web.access.ExceptionTranslationFilter@769dd464, org.springframework.security.web.access.intercept.FilterSecurityInterceptor@10193ef]
2025-01-25 16:17:55,271 INFO  [main] o.s.b.t.m.w.SpringBootMockServletContext - Initializing Spring TestDispatcherServlet ''
2025-01-25 16:17:55,271 INFO  [main] o.s.t.w.s.TestDispatcherServlet - Initializing Servlet ''
2025-01-25 16:17:55,271 INFO  [main] o.s.t.w.s.TestDispatcherServlet - Completed initialization in 0 ms
2025-01-25 16:17:55,279 INFO  [main] m.c.b.RegionControllerTest - Started RegionControllerTest in 0.731 seconds (JVM running for 7.506)
2025-01-25 16:17:55,295 INFO  [main] o.s.m.w.MockServletContext - Initializing Spring TestDispatcherServlet ''
2025-01-25 16:17:55,295 INFO  [main] o.s.t.w.s.TestDispatcherServlet - Initializing Servlet ''
2025-01-25 16:17:55,295 INFO  [main] o.s.t.w.s.TestDispatcherServlet - Completed initialization in 0 ms
2025-01-25 16:17:55,336 INFO  [main] o.s.m.w.MockServletContext - Initializing Spring TestDispatcherServlet ''
2025-01-25 16:17:55,348 INFO  [main] o.s.t.w.s.TestDispatcherServlet - Initializing Servlet ''
2025-01-25 16:17:55,348 INFO  [main] o.s.t.w.s.TestDispatcherServlet - Completed initialization in 0 ms
2025-01-25 16:17:55,413 INFO  [main] o.s.m.w.MockServletContext - Initializing Spring TestDispatcherServlet ''
2025-01-25 16:17:55,414 INFO  [main] o.s.t.w.s.TestDispatcherServlet - Initializing Servlet ''
2025-01-25 16:17:55,414 INFO  [main] o.s.t.w.s.TestDispatcherServlet - Completed initialization in 0 ms
2025-01-25 16:17:55,439 INFO  [main] o.s.m.w.MockServletContext - Initializing Spring TestDispatcherServlet ''
2025-01-25 16:17:55,439 INFO  [main] o.s.t.w.s.TestDispatcherServlet - Initializing Servlet ''
2025-01-25 16:17:55,439 INFO  [main] o.s.t.w.s.TestDispatcherServlet - Completed initialization in 0 ms
2025-01-25 16:17:55,590 INFO  [main] o.s.m.w.MockServletContext - Initializing Spring TestDispatcherServlet ''
2025-01-25 16:17:55,593 INFO  [main] o.s.t.w.s.TestDispatcherServlet - Initializing Servlet ''
2025-01-25 16:17:55,593 INFO  [main] o.s.t.w.s.TestDispatcherServlet - Completed initialization in 0 ms
2025-01-25 16:17:55,628 INFO  [main] o.s.m.w.MockServletContext - Initializing Spring TestDispatcherServlet ''
2025-01-25 16:17:55,628 INFO  [main] o.s.t.w.s.TestDispatcherServlet - Initializing Servlet ''
2025-01-25 16:17:55,629 INFO  [main] o.s.t.w.s.TestDispatcherServlet - Completed initialization in 1 ms
2025-01-25 16:17:55,667 INFO  [main] o.s.b.t.a.w.s.WebMvcTestContextBootstrapper - Neither @ContextConfiguration nor @ContextHierarchy found for test class [market.controller.backend.ProductControllerTest], using SpringBootContextLoader
2025-01-25 16:17:55,673 INFO  [main] o.s.t.c.s.AbstractContextLoader - Could not detect default resource locations for test class [market.controller.backend.ProductControllerTest]: no resource found for suffixes {-context.xml, Context.groovy}.
2025-01-25 16:17:55,673 INFO  [main] o.s.t.c.s.AnnotationConfigContextLoaderUtils - Could not detect default configuration classes for test class [market.controller.backend.ProductControllerTest]: ProductControllerTest does not declare any static, non-private, non-final, nested classes annotated with @Configuration.
2025-01-25 16:17:55,677 INFO  [main] o.s.b.t.c.SpringBootTestContextBootstrapper - Found @SpringBootConfiguration market.controller.Application for test class market.controller.backend.ProductControllerTest
2025-01-25 16:17:55,678 INFO  [main] o.s.b.t.a.w.s.WebMvcTestContextBootstrapper - Loaded default TestExecutionListener class names from location [META-INF/spring.factories]: [org.springframework.boot.test.mock.mockito.MockitoTestExecutionListener, org.springframework.boot.test.mock.mockito.ResetMocksTestExecutionListener, org.springframework.boot.test.autoconfigure.restdocs.RestDocsTestExecutionListener, org.springframework.boot.test.autoconfigure.web.client.MockRestServiceServerResetTestExecutionListener, org.springframework.boot.test.autoconfigure.web.servlet.MockMvcPrintOnlyOnFailureTestExecutionListener, org.springframework.boot.test.autoconfigure.web.servlet.WebDriverTestExecutionListener, org.springframework.boot.test.autoconfigure.webservices.client.MockWebServiceServerTestExecutionListener, org.springframework.test.context.web.ServletTestExecutionListener, org.springframework.test.context.support.DirtiesContextBeforeModesTestExecutionListener, org.springframework.test.context.event.ApplicationEventsTestExecutionListener, org.springframework.test.context.support.DependencyInjectionTestExecutionListener, org.springframework.test.context.support.DirtiesContextTestExecutionListener, org.springframework.test.context.transaction.TransactionalTestExecutionListener, org.springframework.test.context.jdbc.SqlScriptsTestExecutionListener, org.springframework.test.context.event.EventPublishingTestExecutionListener]
2025-01-25 16:17:55,678 INFO  [main] o.s.b.t.a.w.s.WebMvcTestContextBootstrapper - Using TestExecutionListeners: [org.springframework.test.context.web.ServletTestExecutionListener@6b118680, org.springframework.test.context.support.DirtiesContextBeforeModesTestExecutionListener@3162e222, org.springframework.test.context.event.ApplicationEventsTestExecutionListener@45594ad4, org.springframework.boot.test.mock.mockito.MockitoTestExecutionListener@4b4eece8, org.springframework.boot.test.autoconfigure.SpringBootDependencyInjectionTestExecutionListener@2c0c5687, org.springframework.test.context.support.DirtiesContextTestExecutionListener@a59c2d6, org.springframework.test.context.transaction.TransactionalTestExecutionListener@55936a3, org.springframework.test.context.jdbc.SqlScriptsTestExecutionListener@39cca34c, org.springframework.test.context.event.EventPublishingTestExecutionListener@77ba729c, org.springframework.boot.test.mock.mockito.ResetMocksTestExecutionListener@33b151cf, org.springframework.boot.test.autoconfigure.restdocs.RestDocsTestExecutionListener@7f118534, org.springframework.boot.test.autoconfigure.web.client.MockRestServiceServerResetTestExecutionListener@239b8f59, org.springframework.boot.test.autoconfigure.web.servlet.MockMvcPrintOnlyOnFailureTestExecutionListener@7912724, org.springframework.boot.test.autoconfigure.web.servlet.WebDriverTestExecutionListener@3e972130, org.springframework.boot.test.autoconfigure.webservices.client.MockWebServiceServerTestExecutionListener@4ddc2bf3]
2025-01-25 16:17:55,719 INFO  [main] m.c.b.ProductControllerTest - Starting ProductControllerTest using Java 11.0.25 on daniela-VirtualBox with PID 82542 (started by daniela in /home/daniela/Downloads/EMB-master/jdk_11_maven/cs/rest-gui/market/market-web)
2025-01-25 16:17:55,736 DEBUG [main] m.c.b.ProductControllerTest - Running with Spring Boot v2.4.3, Spring v5.3.4
2025-01-25 16:17:55,739 INFO  [main] m.c.b.ProductControllerTest - No active profile set, falling back to default profiles: default
2025-01-25 16:17:55,755 WARN  [main] o.s.b.c.c.ConfigDataEnvironment - Property 'spring.profiles' imported from location 'class path resource [application.yml]' is invalid and should be replaced with 'spring.config.activate.on-profile' [origin: class path resource [application.yml] - 41:13]
2025-01-25 16:17:55,758 WARN  [main] o.s.b.c.c.ConfigDataEnvironment - Property 'spring.profiles' imported from location 'class path resource [application.yml]' is invalid and should be replaced with 'spring.config.activate.on-profile' [origin: class path resource [application.yml] - 24:13]
2025-01-25 16:17:56,175 INFO  [main] o.s.s.c.ThreadPoolTaskExecutor - Initializing ExecutorService 'applicationTaskExecutor'
2025-01-25 16:17:56,190 INFO  [main] o.s.b.a.w.s.WelcomePageHandlerMapping - Adding welcome page template: index
2025-01-25 16:17:56,274 INFO  [main] o.s.b.a.s.s.UserDetailsServiceAutoConfiguration - 

Using generated security password: e5777a90-ba4c-48da-afd7-66cfb4ccfefe

2025-01-25 16:17:56,316 INFO  [main] o.s.s.w.DefaultSecurityFilterChain - Will secure any request with [org.springframework.security.web.context.request.async.WebAsyncManagerIntegrationFilter@2e27b0b2, org.springframework.security.web.context.SecurityContextPersistenceFilter@3fcbcea, org.springframework.security.web.header.HeaderWriterFilter@1cd80de2, org.springframework.security.web.csrf.CsrfFilter@752e8e44, org.springframework.security.web.authentication.logout.LogoutFilter@42d6f75e, org.springframework.security.web.authentication.UsernamePasswordAuthenticationFilter@10e58da9, org.springframework.security.web.authentication.ui.DefaultLoginPageGeneratingFilter@6a250421, org.springframework.security.web.authentication.ui.DefaultLogoutPageGeneratingFilter@946658d, org.springframework.security.web.authentication.www.BasicAuthenticationFilter@7bf92bcc, org.springframework.security.web.savedrequest.RequestCacheAwareFilter@709b0805, org.springframework.security.web.servletapi.SecurityContextHolderAwareRequestFilter@2c70bce9, org.springframework.security.web.authentication.AnonymousAuthenticationFilter@35f229c9, org.springframework.security.web.session.SessionManagementFilter@2a15e54, org.springframework.security.web.access.ExceptionTranslationFilter@5e95b020, org.springframework.security.web.access.intercept.FilterSecurityInterceptor@8b5fe6d]
2025-01-25 16:17:56,339 INFO  [main] o.s.b.t.m.w.SpringBootMockServletContext - Initializing Spring TestDispatcherServlet ''
2025-01-25 16:17:56,339 INFO  [main] o.s.t.w.s.TestDispatcherServlet - Initializing Servlet ''
2025-01-25 16:17:56,340 INFO  [main] o.s.t.w.s.TestDispatcherServlet - Completed initialization in 1 ms
2025-01-25 16:17:56,346 INFO  [main] m.c.b.ProductControllerTest - Started ProductControllerTest in 0.665 seconds (JVM running for 8.574)
2025-01-25 16:17:56,358 INFO  [main] o.s.m.w.MockServletContext - Initializing Spring TestDispatcherServlet ''
2025-01-25 16:17:56,358 INFO  [main] o.s.t.w.s.TestDispatcherServlet - Initializing Servlet ''
2025-01-25 16:17:56,359 INFO  [main] o.s.t.w.s.TestDispatcherServlet - Completed initialization in 1 ms
2025-01-25 16:17:56,376 INFO  [main] o.s.m.w.MockServletContext - Initializing Spring TestDispatcherServlet ''
2025-01-25 16:17:56,376 INFO  [main] o.s.t.w.s.TestDispatcherServlet - Initializing Servlet ''
2025-01-25 16:17:56,376 INFO  [main] o.s.t.w.s.TestDispatcherServlet - Completed initialization in 0 ms
2025-01-25 16:17:56,451 INFO  [main] o.s.m.w.MockServletContext - Initializing Spring TestDispatcherServlet ''
2025-01-25 16:17:56,451 INFO  [main] o.s.t.w.s.TestDispatcherServlet - Initializing Servlet ''
2025-01-25 16:17:56,451 INFO  [main] o.s.t.w.s.TestDispatcherServlet - Completed initialization in 0 ms
2025-01-25 16:17:56,500 INFO  [main] o.s.m.w.MockServletContext - Initializing Spring TestDispatcherServlet ''
2025-01-25 16:17:56,501 INFO  [main] o.s.t.w.s.TestDispatcherServlet - Initializing Servlet ''
2025-01-25 16:17:56,501 INFO  [main] o.s.t.w.s.TestDispatcherServlet - Completed initialization in 0 ms
2025-01-25 16:17:56,746 INFO  [main] o.s.m.w.MockServletContext - Initializing Spring TestDispatcherServlet ''
2025-01-25 16:17:56,746 INFO  [main] o.s.t.w.s.TestDispatcherServlet - Initializing Servlet ''
2025-01-25 16:17:56,746 INFO  [main] o.s.t.w.s.TestDispatcherServlet - Completed initialization in 0 ms
2025-01-25 16:17:56,783 INFO  [main] o.s.m.w.MockServletContext - Initializing Spring TestDispatcherServlet ''
2025-01-25 16:17:56,783 INFO  [main] o.s.t.w.s.TestDispatcherServlet - Initializing Servlet ''
2025-01-25 16:17:56,783 INFO  [main] o.s.t.w.s.TestDispatcherServlet - Completed initialization in 0 ms
2025-01-25 16:17:56,800 INFO  [main] o.s.m.w.MockServletContext - Initializing Spring TestDispatcherServlet ''
2025-01-25 16:17:56,800 INFO  [main] o.s.t.w.s.TestDispatcherServlet - Initializing Servlet ''
2025-01-25 16:17:56,800 INFO  [main] o.s.t.w.s.TestDispatcherServlet - Completed initialization in 0 ms
2025-01-25 16:17:56,897 INFO  [main] o.s.b.t.a.w.s.WebMvcTestContextBootstrapper - Neither @ContextConfiguration nor @ContextHierarchy found for test class [market.controller.backend.DistilleryControllerTest], using SpringBootContextLoader
2025-01-25 16:17:56,898 INFO  [main] o.s.t.c.s.AbstractContextLoader - Could not detect default resource locations for test class [market.controller.backend.DistilleryControllerTest]: no resource found for suffixes {-context.xml, Context.groovy}.
2025-01-25 16:17:56,898 INFO  [main] o.s.t.c.s.AnnotationConfigContextLoaderUtils - Could not detect default configuration classes for test class [market.controller.backend.DistilleryControllerTest]: DistilleryControllerTest does not declare any static, non-private, non-final, nested classes annotated with @Configuration.
2025-01-25 16:17:56,911 INFO  [main] o.s.b.t.c.SpringBootTestContextBootstrapper - Found @SpringBootConfiguration market.controller.Application for test class market.controller.backend.DistilleryControllerTest
2025-01-25 16:17:56,912 INFO  [main] o.s.b.t.a.w.s.WebMvcTestContextBootstrapper - Loaded default TestExecutionListener class names from location [META-INF/spring.factories]: [org.springframework.boot.test.mock.mockito.MockitoTestExecutionListener, org.springframework.boot.test.mock.mockito.ResetMocksTestExecutionListener, org.springframework.boot.test.autoconfigure.restdocs.RestDocsTestExecutionListener, org.springframework.boot.test.autoconfigure.web.client.MockRestServiceServerResetTestExecutionListener, org.springframework.boot.test.autoconfigure.web.servlet.MockMvcPrintOnlyOnFailureTestExecutionListener, org.springframework.boot.test.autoconfigure.web.servlet.WebDriverTestExecutionListener, org.springframework.boot.test.autoconfigure.webservices.client.MockWebServiceServerTestExecutionListener, org.springframework.test.context.web.ServletTestExecutionListener, org.springframework.test.context.support.DirtiesContextBeforeModesTestExecutionListener, org.springframework.test.context.event.ApplicationEventsTestExecutionListener, org.springframework.test.context.support.DependencyInjectionTestExecutionListener, org.springframework.test.context.support.DirtiesContextTestExecutionListener, org.springframework.test.context.transaction.TransactionalTestExecutionListener, org.springframework.test.context.jdbc.SqlScriptsTestExecutionListener, org.springframework.test.context.event.EventPublishingTestExecutionListener]
2025-01-25 16:17:56,913 INFO  [main] o.s.b.t.a.w.s.WebMvcTestContextBootstrapper - Using TestExecutionListeners: [org.springframework.test.context.web.ServletTestExecutionListener@130f2e96, org.springframework.test.context.support.DirtiesContextBeforeModesTestExecutionListener@276f3c7f, org.springframework.test.context.event.ApplicationEventsTestExecutionListener@57482f1e, org.springframework.boot.test.mock.mockito.MockitoTestExecutionListener@473d39d9, org.springframework.boot.test.autoconfigure.SpringBootDependencyInjectionTestExecutionListener@2d2cd436, org.springframework.test.context.support.DirtiesContextTestExecutionListener@73fe9928, org.springframework.test.context.transaction.TransactionalTestExecutionListener@65587896, org.springframework.test.context.jdbc.SqlScriptsTestExecutionListener@4b056615, org.springframework.test.context.event.EventPublishingTestExecutionListener@c38627, org.springframework.boot.test.mock.mockito.ResetMocksTestExecutionListener@77368ce, org.springframework.boot.test.autoconfigure.restdocs.RestDocsTestExecutionListener@21c92c7e, org.springframework.boot.test.autoconfigure.web.client.MockRestServiceServerResetTestExecutionListener@419cc39c, org.springframework.boot.test.autoconfigure.web.servlet.MockMvcPrintOnlyOnFailureTestExecutionListener@5d729736, org.springframework.boot.test.autoconfigure.web.servlet.WebDriverTestExecutionListener@415ba14e, org.springframework.boot.test.autoconfigure.webservices.client.MockWebServiceServerTestExecutionListener@2919cfc7]
2025-01-25 16:17:56,929 INFO  [main] m.c.b.DistilleryControllerTest - Starting DistilleryControllerTest using Java 11.0.25 on daniela-VirtualBox with PID 82542 (started by daniela in /home/daniela/Downloads/EMB-master/jdk_11_maven/cs/rest-gui/market/market-web)
2025-01-25 16:17:56,929 DEBUG [main] m.c.b.DistilleryControllerTest - Running with Spring Boot v2.4.3, Spring v5.3.4
2025-01-25 16:17:56,934 INFO  [main] m.c.b.DistilleryControllerTest - No active profile set, falling back to default profiles: default
2025-01-25 16:17:56,936 WARN  [main] o.s.b.c.c.ConfigDataEnvironment - Property 'spring.profiles' imported from location 'class path resource [application.yml]' is invalid and should be replaced with 'spring.config.activate.on-profile' [origin: class path resource [application.yml] - 41:13]
2025-01-25 16:17:56,939 WARN  [main] o.s.b.c.c.ConfigDataEnvironment - Property 'spring.profiles' imported from location 'class path resource [application.yml]' is invalid and should be replaced with 'spring.config.activate.on-profile' [origin: class path resource [application.yml] - 24:13]
2025-01-25 16:17:57,197 INFO  [main] o.s.s.c.ThreadPoolTaskExecutor - Initializing ExecutorService 'applicationTaskExecutor'
2025-01-25 16:17:57,218 INFO  [main] o.s.b.a.w.s.WelcomePageHandlerMapping - Adding welcome page template: index
2025-01-25 16:17:57,349 INFO  [main] o.s.b.a.s.s.UserDetailsServiceAutoConfiguration - 

Using generated security password: 695d1dd7-ccf5-4b57-9e03-b76522af22d8

2025-01-25 16:17:57,384 INFO  [main] o.s.s.w.DefaultSecurityFilterChain - Will secure any request with [org.springframework.security.web.context.request.async.WebAsyncManagerIntegrationFilter@594d0ad3, org.springframework.security.web.context.SecurityContextPersistenceFilter@5abb9f5d, org.springframework.security.web.header.HeaderWriterFilter@326ef7ea, org.springframework.security.web.csrf.CsrfFilter@32b6b531, org.springframework.security.web.authentication.logout.LogoutFilter@290fe514, org.springframework.security.web.authentication.UsernamePasswordAuthenticationFilter@4d5c7e4, org.springframework.security.web.authentication.ui.DefaultLoginPageGeneratingFilter@467ac05c, org.springframework.security.web.authentication.ui.DefaultLogoutPageGeneratingFilter@67eade7f, org.springframework.security.web.authentication.www.BasicAuthenticationFilter@35633e30, org.springframework.security.web.savedrequest.RequestCacheAwareFilter@2a08a253, org.springframework.security.web.servletapi.SecurityContextHolderAwareRequestFilter@6f1cd15f, org.springframework.security.web.authentication.AnonymousAuthenticationFilter@4d2acf81, org.springframework.security.web.session.SessionManagementFilter@5da3a6e5, org.springframework.security.web.access.ExceptionTranslationFilter@246a853c, org.springframework.security.web.access.intercept.FilterSecurityInterceptor@60ebde43]
2025-01-25 16:17:57,443 INFO  [main] o.s.b.t.m.w.SpringBootMockServletContext - Initializing Spring TestDispatcherServlet ''
2025-01-25 16:17:57,443 INFO  [main] o.s.t.w.s.TestDispatcherServlet - Initializing Servlet ''
2025-01-25 16:17:57,443 INFO  [main] o.s.t.w.s.TestDispatcherServlet - Completed initialization in 0 ms
2025-01-25 16:17:57,456 INFO  [main] m.c.b.DistilleryControllerTest - Started DistilleryControllerTest in 0.536 seconds (JVM running for 9.679)
2025-01-25 16:17:57,515 INFO  [main] o.s.m.w.MockServletContext - Initializing Spring TestDispatcherServlet ''
2025-01-25 16:17:57,524 INFO  [main] o.s.t.w.s.TestDispatcherServlet - Initializing Servlet ''
2025-01-25 16:17:57,532 INFO  [main] o.s.t.w.s.TestDispatcherServlet - Completed initialization in 0 ms
2025-01-25 16:17:57,571 INFO  [main] o.s.m.w.MockServletContext - Initializing Spring TestDispatcherServlet ''
2025-01-25 16:17:57,571 INFO  [main] o.s.t.w.s.TestDispatcherServlet - Initializing Servlet ''
2025-01-25 16:17:57,571 INFO  [main] o.s.t.w.s.TestDispatcherServlet - Completed initialization in 0 ms
2025-01-25 16:17:57,595 INFO  [main] o.s.m.w.MockServletContext - Initializing Spring TestDispatcherServlet ''
2025-01-25 16:17:57,595 INFO  [main] o.s.t.w.s.TestDispatcherServlet - Initializing Servlet ''
2025-01-25 16:17:57,595 INFO  [main] o.s.t.w.s.TestDispatcherServlet - Completed initialization in 0 ms
2025-01-25 16:17:57,630 INFO  [main] o.s.m.w.MockServletContext - Initializing Spring TestDispatcherServlet ''
2025-01-25 16:17:57,630 INFO  [main] o.s.t.w.s.TestDispatcherServlet - Initializing Servlet ''
2025-01-25 16:17:57,630 INFO  [main] o.s.t.w.s.TestDispatcherServlet - Completed initialization in 0 ms
2025-01-25 16:17:57,735 INFO  [main] o.s.m.w.MockServletContext - Initializing Spring TestDispatcherServlet ''
2025-01-25 16:17:57,735 INFO  [main] o.s.t.w.s.TestDispatcherServlet - Initializing Servlet ''
2025-01-25 16:17:57,735 INFO  [main] o.s.t.w.s.TestDispatcherServlet - Completed initialization in 0 ms
2025-01-25 16:17:57,791 INFO  [main] o.s.m.w.MockServletContext - Initializing Spring TestDispatcherServlet ''
2025-01-25 16:17:57,799 INFO  [main] o.s.t.w.s.TestDispatcherServlet - Initializing Servlet ''
2025-01-25 16:17:57,799 INFO  [main] o.s.t.w.s.TestDispatcherServlet - Completed initialization in 0 ms
2025-01-25 16:17:57,853 INFO  [main] o.s.b.t.a.w.s.WebMvcTestContextBootstrapper - Neither @ContextConfiguration nor @ContextHierarchy found for test class [market.controller.backend.BackendControllerTest], using SpringBootContextLoader
2025-01-25 16:17:57,854 INFO  [main] o.s.t.c.s.AbstractContextLoader - Could not detect default resource locations for test class [market.controller.backend.BackendControllerTest]: no resource found for suffixes {-context.xml, Context.groovy}.
2025-01-25 16:17:57,854 INFO  [main] o.s.t.c.s.AnnotationConfigContextLoaderUtils - Could not detect default configuration classes for test class [market.controller.backend.BackendControllerTest]: BackendControllerTest does not declare any static, non-private, non-final, nested classes annotated with @Configuration.
2025-01-25 16:17:57,858 INFO  [main] o.s.b.t.c.SpringBootTestContextBootstrapper - Found @SpringBootConfiguration market.controller.Application for test class market.controller.backend.BackendControllerTest
2025-01-25 16:17:57,859 INFO  [main] o.s.b.t.a.w.s.WebMvcTestContextBootstrapper - Loaded default TestExecutionListener class names from location [META-INF/spring.factories]: [org.springframework.boot.test.mock.mockito.MockitoTestExecutionListener, org.springframework.boot.test.mock.mockito.ResetMocksTestExecutionListener, org.springframework.boot.test.autoconfigure.restdocs.RestDocsTestExecutionListener, org.springframework.boot.test.autoconfigure.web.client.MockRestServiceServerResetTestExecutionListener, org.springframework.boot.test.autoconfigure.web.servlet.MockMvcPrintOnlyOnFailureTestExecutionListener, org.springframework.boot.test.autoconfigure.web.servlet.WebDriverTestExecutionListener, org.springframework.boot.test.autoconfigure.webservices.client.MockWebServiceServerTestExecutionListener, org.springframework.test.context.web.ServletTestExecutionListener, org.springframework.test.context.support.DirtiesContextBeforeModesTestExecutionListener, org.springframework.test.context.event.ApplicationEventsTestExecutionListener, org.springframework.test.context.support.DependencyInjectionTestExecutionListener, org.springframework.test.context.support.DirtiesContextTestExecutionListener, org.springframework.test.context.transaction.TransactionalTestExecutionListener, org.springframework.test.context.jdbc.SqlScriptsTestExecutionListener, org.springframework.test.context.event.EventPublishingTestExecutionListener]
2025-01-25 16:17:57,859 INFO  [main] o.s.b.t.a.w.s.WebMvcTestContextBootstrapper - Using TestExecutionListeners: [org.springframework.test.context.web.ServletTestExecutionListener@332a3cf1, org.springframework.test.context.support.DirtiesContextBeforeModesTestExecutionListener@5364681b, org.springframework.test.context.event.ApplicationEventsTestExecutionListener@41287592, org.springframework.boot.test.mock.mockito.MockitoTestExecutionListener@65a064f2, org.springframework.boot.test.autoconfigure.SpringBootDependencyInjectionTestExecutionListener@78f1103, org.springframework.test.context.support.DirtiesContextTestExecutionListener@77db9559, org.springframework.test.context.transaction.TransactionalTestExecutionListener@755dead5, org.springframework.test.context.jdbc.SqlScriptsTestExecutionListener@13bc8778, org.springframework.test.context.event.EventPublishingTestExecutionListener@6c449b05, org.springframework.boot.test.mock.mockito.ResetMocksTestExecutionListener@471eba89, org.springframework.boot.test.autoconfigure.restdocs.RestDocsTestExecutionListener@5d0ffbfd, org.springframework.boot.test.autoconfigure.web.client.MockRestServiceServerResetTestExecutionListener@2aff3063, org.springframework.boot.test.autoconfigure.web.servlet.MockMvcPrintOnlyOnFailureTestExecutionListener@622b1a8a, org.springframework.boot.test.autoconfigure.web.servlet.WebDriverTestExecutionListener@50532eb4, org.springframework.boot.test.autoconfigure.webservices.client.MockWebServiceServerTestExecutionListener@72a1f750]
2025-01-25 16:17:57,942 INFO  [main] m.c.b.BackendControllerTest - Starting BackendControllerTest using Java 11.0.25 on daniela-VirtualBox with PID 82542 (started by daniela in /home/daniela/Downloads/EMB-master/jdk_11_maven/cs/rest-gui/market/market-web)
2025-01-25 16:17:57,957 DEBUG [main] m.c.b.BackendControllerTest - Running with Spring Boot v2.4.3, Spring v5.3.4
2025-01-25 16:17:57,964 INFO  [main] m.c.b.BackendControllerTest - No active profile set, falling back to default profiles: default
2025-01-25 16:17:57,972 WARN  [main] o.s.b.c.c.ConfigDataEnvironment - Property 'spring.profiles' imported from location 'class path resource [application.yml]' is invalid and should be replaced with 'spring.config.activate.on-profile' [origin: class path resource [application.yml] - 41:13]
2025-01-25 16:17:57,972 WARN  [main] o.s.b.c.c.ConfigDataEnvironment - Property 'spring.profiles' imported from location 'class path resource [application.yml]' is invalid and should be replaced with 'spring.config.activate.on-profile' [origin: class path resource [application.yml] - 24:13]
2025-01-25 16:17:58,250 INFO  [main] o.s.s.c.ThreadPoolTaskExecutor - Initializing ExecutorService 'applicationTaskExecutor'
2025-01-25 16:17:58,272 INFO  [main] o.s.b.a.w.s.WelcomePageHandlerMapping - Adding welcome page template: index
2025-01-25 16:17:58,399 INFO  [main] o.s.b.a.s.s.UserDetailsServiceAutoConfiguration - 

Using generated security password: 35212577-8597-45dc-bcae-c25f3abe5d1f

2025-01-25 16:17:58,441 INFO  [main] o.s.s.w.DefaultSecurityFilterChain - Will secure any request with [org.springframework.security.web.context.request.async.WebAsyncManagerIntegrationFilter@2f002a49, org.springframework.security.web.context.SecurityContextPersistenceFilter@3645ef7, org.springframework.security.web.header.HeaderWriterFilter@57e7f7fd, org.springframework.security.web.csrf.CsrfFilter@446de403, org.springframework.security.web.authentication.logout.LogoutFilter@4a0152e6, org.springframework.security.web.authentication.UsernamePasswordAuthenticationFilter@58579b4d, org.springframework.security.web.authentication.ui.DefaultLoginPageGeneratingFilter@265c741, org.springframework.security.web.authentication.ui.DefaultLogoutPageGeneratingFilter@527deae9, org.springframework.security.web.authentication.www.BasicAuthenticationFilter@62286c7b, org.springframework.security.web.savedrequest.RequestCacheAwareFilter@3cee9847, org.springframework.security.web.servletapi.SecurityContextHolderAwareRequestFilter@54ded838, org.springframework.security.web.authentication.AnonymousAuthenticationFilter@36148e18, org.springframework.security.web.session.SessionManagementFilter@2882ea18, org.springframework.security.web.access.ExceptionTranslationFilter@5fec1b3f, org.springframework.security.web.access.intercept.FilterSecurityInterceptor@3ee86d05]
2025-01-25 16:17:58,479 INFO  [main] o.s.b.t.m.w.SpringBootMockServletContext - Initializing Spring TestDispatcherServlet ''
2025-01-25 16:17:58,479 INFO  [main] o.s.t.w.s.TestDispatcherServlet - Initializing Servlet ''
2025-01-25 16:17:58,479 INFO  [main] o.s.t.w.s.TestDispatcherServlet - Completed initialization in 0 ms
2025-01-25 16:17:58,505 INFO  [main] m.c.b.BackendControllerTest - Started BackendControllerTest in 0.644 seconds (JVM running for 10.733)
2025-01-25 16:17:58,569 INFO  [main] o.s.m.w.MockServletContext - Initializing Spring TestDispatcherServlet ''
2025-01-25 16:17:58,569 INFO  [main] o.s.t.w.s.TestDispatcherServlet - Initializing Servlet ''
2025-01-25 16:17:58,569 INFO  [main] o.s.t.w.s.TestDispatcherServlet - Completed initialization in 0 ms
2025-01-25 16:17:58,592 INFO  [main] o.s.b.t.a.w.s.WebMvcTestContextBootstrapper - Neither @ContextConfiguration nor @ContextHierarchy found for test class [market.controller.backend.StorageControllerTest], using SpringBootContextLoader
2025-01-25 16:17:58,593 INFO  [main] o.s.t.c.s.AbstractContextLoader - Could not detect default resource locations for test class [market.controller.backend.StorageControllerTest]: no resource found for suffixes {-context.xml, Context.groovy}.
2025-01-25 16:17:58,593 INFO  [main] o.s.t.c.s.AnnotationConfigContextLoaderUtils - Could not detect default configuration classes for test class [market.controller.backend.StorageControllerTest]: StorageControllerTest does not declare any static, non-private, non-final, nested classes annotated with @Configuration.
2025-01-25 16:17:58,595 INFO  [main] o.s.b.t.c.SpringBootTestContextBootstrapper - Found @SpringBootConfiguration market.controller.Application for test class market.controller.backend.StorageControllerTest
2025-01-25 16:17:58,596 INFO  [main] o.s.b.t.a.w.s.WebMvcTestContextBootstrapper - Loaded default TestExecutionListener class names from location [META-INF/spring.factories]: [org.springframework.boot.test.mock.mockito.MockitoTestExecutionListener, org.springframework.boot.test.mock.mockito.ResetMocksTestExecutionListener, org.springframework.boot.test.autoconfigure.restdocs.RestDocsTestExecutionListener, org.springframework.boot.test.autoconfigure.web.client.MockRestServiceServerResetTestExecutionListener, org.springframework.boot.test.autoconfigure.web.servlet.MockMvcPrintOnlyOnFailureTestExecutionListener, org.springframework.boot.test.autoconfigure.web.servlet.WebDriverTestExecutionListener, org.springframework.boot.test.autoconfigure.webservices.client.MockWebServiceServerTestExecutionListener, org.springframework.test.context.web.ServletTestExecutionListener, org.springframework.test.context.support.DirtiesContextBeforeModesTestExecutionListener, org.springframework.test.context.event.ApplicationEventsTestExecutionListener, org.springframework.test.context.support.DependencyInjectionTestExecutionListener, org.springframework.test.context.support.DirtiesContextTestExecutionListener, org.springframework.test.context.transaction.TransactionalTestExecutionListener, org.springframework.test.context.jdbc.SqlScriptsTestExecutionListener, org.springframework.test.context.event.EventPublishingTestExecutionListener]
2025-01-25 16:17:58,596 INFO  [main] o.s.b.t.a.w.s.WebMvcTestContextBootstrapper - Using TestExecutionListeners: [org.springframework.test.context.web.ServletTestExecutionListener@6bc26806, org.springframework.test.context.support.DirtiesContextBeforeModesTestExecutionListener@328f03a7, org.springframework.test.context.event.ApplicationEventsTestExecutionListener@63cf575, org.springframework.boot.test.mock.mockito.MockitoTestExecutionListener@5f9c5c88, org.springframework.boot.test.autoconfigure.SpringBootDependencyInjectionTestExecutionListener@27e68d25, org.springframework.test.context.support.DirtiesContextTestExecutionListener@6d3e3045, org.springframework.test.context.transaction.TransactionalTestExecutionListener@cc8e7ca, org.springframework.test.context.jdbc.SqlScriptsTestExecutionListener@310d92c7, org.springframework.test.context.event.EventPublishingTestExecutionListener@2211be66, org.springframework.boot.test.mock.mockito.ResetMocksTestExecutionListener@3eb10e79, org.springframework.boot.test.autoconfigure.restdocs.RestDocsTestExecutionListener@758c58d2, org.springframework.boot.test.autoconfigure.web.client.MockRestServiceServerResetTestExecutionListener@284a670e, org.springframework.boot.test.autoconfigure.web.servlet.MockMvcPrintOnlyOnFailureTestExecutionListener@7870eef, org.springframework.boot.test.autoconfigure.web.servlet.WebDriverTestExecutionListener@31730aa0, org.springframework.boot.test.autoconfigure.webservices.client.MockWebServiceServerTestExecutionListener@262e8e94]
2025-01-25 16:17:58,684 INFO  [main] m.c.b.StorageControllerTest - Starting StorageControllerTest using Java 11.0.25 on daniela-VirtualBox with PID 82542 (started by daniela in /home/daniela/Downloads/EMB-master/jdk_11_maven/cs/rest-gui/market/market-web)
2025-01-25 16:17:58,685 DEBUG [main] m.c.b.StorageControllerTest - Running with Spring Boot v2.4.3, Spring v5.3.4
2025-01-25 16:17:58,687 INFO  [main] m.c.b.StorageControllerTest - No active profile set, falling back to default profiles: default
2025-01-25 16:17:58,713 WARN  [main] o.s.b.c.c.ConfigDataEnvironment - Property 'spring.profiles' imported from location 'class path resource [application.yml]' is invalid and should be replaced with 'spring.config.activate.on-profile' [origin: class path resource [application.yml] - 41:13]
2025-01-25 16:17:58,714 WARN  [main] o.s.b.c.c.ConfigDataEnvironment - Property 'spring.profiles' imported from location 'class path resource [application.yml]' is invalid and should be replaced with 'spring.config.activate.on-profile' [origin: class path resource [application.yml] - 24:13]
2025-01-25 16:17:59,053 INFO  [main] o.s.s.c.ThreadPoolTaskExecutor - Initializing ExecutorService 'applicationTaskExecutor'
2025-01-25 16:17:59,094 INFO  [main] o.s.b.a.w.s.WelcomePageHandlerMapping - Adding welcome page template: index
2025-01-25 16:17:59,259 INFO  [main] o.s.b.a.s.s.UserDetailsServiceAutoConfiguration - 

Using generated security password: b051f4c9-4ded-4d0f-aa82-2be25f220671

2025-01-25 16:17:59,309 INFO  [main] o.s.s.w.DefaultSecurityFilterChain - Will secure any request with [org.springframework.security.web.context.request.async.WebAsyncManagerIntegrationFilter@4af8e595, org.springframework.security.web.context.SecurityContextPersistenceFilter@56be8c1, org.springframework.security.web.header.HeaderWriterFilter@52a44f2c, org.springframework.security.web.csrf.CsrfFilter@a9110d8, org.springframework.security.web.authentication.logout.LogoutFilter@1a2821da, org.springframework.security.web.authentication.UsernamePasswordAuthenticationFilter@7f33171d, org.springframework.security.web.authentication.ui.DefaultLoginPageGeneratingFilter@40f7cfa8, org.springframework.security.web.authentication.ui.DefaultLogoutPageGeneratingFilter@46455b22, org.springframework.security.web.authentication.www.BasicAuthenticationFilter@18273c31, org.springframework.security.web.savedrequest.RequestCacheAwareFilter@460380cf, org.springframework.security.web.servletapi.SecurityContextHolderAwareRequestFilter@362e6a0c, org.springframework.security.web.authentication.AnonymousAuthenticationFilter@21a92708, org.springframework.security.web.session.SessionManagementFilter@77e3f26, org.springframework.security.web.access.ExceptionTranslationFilter@65b4d3f0, org.springframework.security.web.access.intercept.FilterSecurityInterceptor@1f02667e]
2025-01-25 16:17:59,338 INFO  [main] o.s.b.t.m.w.SpringBootMockServletContext - Initializing Spring TestDispatcherServlet ''
2025-01-25 16:17:59,338 INFO  [main] o.s.t.w.s.TestDispatcherServlet - Initializing Servlet ''
2025-01-25 16:17:59,339 INFO  [main] o.s.t.w.s.TestDispatcherServlet - Completed initialization in 1 ms
2025-01-25 16:17:59,347 INFO  [main] m.c.b.StorageControllerTest - Started StorageControllerTest in 0.745 seconds (JVM running for 11.574)
2025-01-25 16:17:59,358 INFO  [main] o.s.m.w.MockServletContext - Initializing Spring TestDispatcherServlet ''
2025-01-25 16:17:59,358 INFO  [main] o.s.t.w.s.TestDispatcherServlet - Initializing Servlet ''
2025-01-25 16:17:59,358 INFO  [main] o.s.t.w.s.TestDispatcherServlet - Completed initialization in 0 ms
2025-01-25 16:17:59,482 INFO  [main] o.s.m.w.MockServletContext - Initializing Spring TestDispatcherServlet ''
2025-01-25 16:17:59,482 INFO  [main] o.s.t.w.s.TestDispatcherServlet - Initializing Servlet ''
2025-01-25 16:17:59,482 INFO  [main] o.s.t.w.s.TestDispatcherServlet - Completed initialization in 0 ms
2025-01-25 16:17:59,495 INFO  [main] o.s.m.w.MockServletContext - Initializing Spring TestDispatcherServlet ''
2025-01-25 16:17:59,495 INFO  [main] o.s.t.w.s.TestDispatcherServlet - Initializing Servlet ''
2025-01-25 16:17:59,495 INFO  [main] o.s.t.w.s.TestDispatcherServlet - Completed initialization in 0 ms
2025-01-25 16:17:59,512 INFO  [main] o.s.b.t.a.w.s.WebMvcTestContextBootstrapper - Neither @ContextConfiguration nor @ContextHierarchy found for test class [market.controller.frontend.ShowcaseControllerTest], using SpringBootContextLoader
2025-01-25 16:17:59,518 INFO  [main] o.s.t.c.s.AbstractContextLoader - Could not detect default resource locations for test class [market.controller.frontend.ShowcaseControllerTest]: no resource found for suffixes {-context.xml, Context.groovy}.
2025-01-25 16:17:59,521 INFO  [main] o.s.t.c.s.AnnotationConfigContextLoaderUtils - Could not detect default configuration classes for test class [market.controller.frontend.ShowcaseControllerTest]: ShowcaseControllerTest does not declare any static, non-private, non-final, nested classes annotated with @Configuration.
2025-01-25 16:17:59,539 INFO  [main] o.s.b.t.c.SpringBootTestContextBootstrapper - Found @SpringBootConfiguration market.controller.Application for test class market.controller.frontend.ShowcaseControllerTest
2025-01-25 16:17:59,539 INFO  [main] o.s.b.t.a.w.s.WebMvcTestContextBootstrapper - Loaded default TestExecutionListener class names from location [META-INF/spring.factories]: [org.springframework.boot.test.mock.mockito.MockitoTestExecutionListener, org.springframework.boot.test.mock.mockito.ResetMocksTestExecutionListener, org.springframework.boot.test.autoconfigure.restdocs.RestDocsTestExecutionListener, org.springframework.boot.test.autoconfigure.web.client.MockRestServiceServerResetTestExecutionListener, org.springframework.boot.test.autoconfigure.web.servlet.MockMvcPrintOnlyOnFailureTestExecutionListener, org.springframework.boot.test.autoconfigure.web.servlet.WebDriverTestExecutionListener, org.springframework.boot.test.autoconfigure.webservices.client.MockWebServiceServerTestExecutionListener, org.springframework.test.context.web.ServletTestExecutionListener, org.springframework.test.context.support.DirtiesContextBeforeModesTestExecutionListener, org.springframework.test.context.event.ApplicationEventsTestExecutionListener, org.springframework.test.context.support.DependencyInjectionTestExecutionListener, org.springframework.test.context.support.DirtiesContextTestExecutionListener, org.springframework.test.context.transaction.TransactionalTestExecutionListener, org.springframework.test.context.jdbc.SqlScriptsTestExecutionListener, org.springframework.test.context.event.EventPublishingTestExecutionListener]
2025-01-25 16:17:59,540 INFO  [main] o.s.b.t.a.w.s.WebMvcTestContextBootstrapper - Using TestExecutionListeners: [org.springframework.test.context.web.ServletTestExecutionListener@2900cb71, org.springframework.test.context.support.DirtiesContextBeforeModesTestExecutionListener@5a84e9e1, org.springframework.test.context.event.ApplicationEventsTestExecutionListener@72cff665, org.springframework.boot.test.mock.mockito.MockitoTestExecutionListener@2d1e418c, org.springframework.boot.test.autoconfigure.SpringBootDependencyInjectionTestExecutionListener@2ea5c1d, org.springframework.test.context.support.DirtiesContextTestExecutionListener@7f5c6640, org.springframework.test.context.transaction.TransactionalTestExecutionListener@722ddb10, org.springframework.test.context.jdbc.SqlScriptsTestExecutionListener@2de0f6f8, org.springframework.test.context.event.EventPublishingTestExecutionListener@7d3a4ded, org.springframework.boot.test.mock.mockito.ResetMocksTestExecutionListener@61485a6c, org.springframework.boot.test.autoconfigure.restdocs.RestDocsTestExecutionListener@7d21e80e, org.springframework.boot.test.autoconfigure.web.client.MockRestServiceServerResetTestExecutionListener@575c8664, org.springframework.boot.test.autoconfigure.web.servlet.MockMvcPrintOnlyOnFailureTestExecutionListener@7826fc47, org.springframework.boot.test.autoconfigure.web.servlet.WebDriverTestExecutionListener@5b1e5215, org.springframework.boot.test.autoconfigure.webservices.client.MockWebServiceServerTestExecutionListener@290db0e0]
2025-01-25 16:17:59,622 INFO  [main] m.c.f.ShowcaseControllerTest - Starting ShowcaseControllerTest using Java 11.0.25 on daniela-VirtualBox with PID 82542 (started by daniela in /home/daniela/Downloads/EMB-master/jdk_11_maven/cs/rest-gui/market/market-web)
2025-01-25 16:17:59,623 DEBUG [main] m.c.f.ShowcaseControllerTest - Running with Spring Boot v2.4.3, Spring v5.3.4
2025-01-25 16:17:59,623 INFO  [main] m.c.f.ShowcaseControllerTest - No active profile set, falling back to default profiles: default
2025-01-25 16:17:59,625 WARN  [main] o.s.b.c.c.ConfigDataEnvironment - Property 'spring.profiles' imported from location 'class path resource [application.yml]' is invalid and should be replaced with 'spring.config.activate.on-profile' [origin: class path resource [application.yml] - 41:13]
2025-01-25 16:17:59,625 WARN  [main] o.s.b.c.c.ConfigDataEnvironment - Property 'spring.profiles' imported from location 'class path resource [application.yml]' is invalid and should be replaced with 'spring.config.activate.on-profile' [origin: class path resource [application.yml] - 24:13]
2025-01-25 16:17:59,872 INFO  [main] o.s.s.c.ThreadPoolTaskExecutor - Initializing ExecutorService 'applicationTaskExecutor'
2025-01-25 16:17:59,892 INFO  [main] o.s.b.a.w.s.WelcomePageHandlerMapping - Adding welcome page template: index
2025-01-25 16:17:59,981 INFO  [main] o.s.b.a.s.s.UserDetailsServiceAutoConfiguration - 

Using generated security password: 35f56fd0-94ea-4f2e-bb6c-9624e3e8c72b

2025-01-25 16:18:00,085 INFO  [main] o.s.s.w.DefaultSecurityFilterChain - Will secure any request with [org.springframework.security.web.context.request.async.WebAsyncManagerIntegrationFilter@1f1b3169, org.springframework.security.web.context.SecurityContextPersistenceFilter@54017b46, org.springframework.security.web.header.HeaderWriterFilter@549ca3ca, org.springframework.security.web.csrf.CsrfFilter@1f986c48, org.springframework.security.web.authentication.logout.LogoutFilter@224c6005, org.springframework.security.web.authentication.UsernamePasswordAuthenticationFilter@362f6233, org.springframework.security.web.authentication.ui.DefaultLoginPageGeneratingFilter@1def8aaa, org.springframework.security.web.authentication.ui.DefaultLogoutPageGeneratingFilter@6cbc8b6e, org.springframework.security.web.authentication.www.BasicAuthenticationFilter@56ade782, org.springframework.security.web.savedrequest.RequestCacheAwareFilter@7908d294, org.springframework.security.web.servletapi.SecurityContextHolderAwareRequestFilter@48bbac8c, org.springframework.security.web.authentication.AnonymousAuthenticationFilter@214f4230, org.springframework.security.web.session.SessionManagementFilter@8a7bc36, org.springframework.security.web.access.ExceptionTranslationFilter@5c5e3f45, org.springframework.security.web.access.intercept.FilterSecurityInterceptor@12fc3519]
2025-01-25 16:18:00,124 INFO  [main] o.s.b.t.m.w.SpringBootMockServletContext - Initializing Spring TestDispatcherServlet ''
2025-01-25 16:18:00,124 INFO  [main] o.s.t.w.s.TestDispatcherServlet - Initializing Servlet ''
2025-01-25 16:18:00,125 INFO  [main] o.s.t.w.s.TestDispatcherServlet - Completed initialization in 1 ms
2025-01-25 16:18:00,130 INFO  [main] m.c.f.ShowcaseControllerTest - Started ShowcaseControllerTest in 0.588 seconds (JVM running for 12.357)
2025-01-25 16:18:00,148 INFO  [main] o.s.m.w.MockServletContext - Initializing Spring TestDispatcherServlet ''
2025-01-25 16:18:00,213 INFO  [main] o.s.t.w.s.TestDispatcherServlet - Initializing Servlet ''
2025-01-25 16:18:00,213 INFO  [main] o.s.t.w.s.TestDispatcherServlet - Completed initialization in 0 ms
2025-01-25 16:18:00,268 INFO  [main] o.s.m.w.MockServletContext - Initializing Spring TestDispatcherServlet ''
2025-01-25 16:18:00,269 INFO  [main] o.s.t.w.s.TestDispatcherServlet - Initializing Servlet ''
2025-01-25 16:18:00,269 INFO  [main] o.s.t.w.s.TestDispatcherServlet - Completed initialization in 0 ms
2025-01-25 16:18:00,294 INFO  [main] o.s.m.w.MockServletContext - Initializing Spring TestDispatcherServlet ''
2025-01-25 16:18:00,300 INFO  [main] o.s.t.w.s.TestDispatcherServlet - Initializing Servlet ''
2025-01-25 16:18:00,300 INFO  [main] o.s.t.w.s.TestDispatcherServlet - Completed initialization in 0 ms
2025-01-25 16:18:00,323 INFO  [main] o.s.m.w.MockServletContext - Initializing Spring TestDispatcherServlet ''
2025-01-25 16:18:00,335 INFO  [main] o.s.t.w.s.TestDispatcherServlet - Initializing Servlet ''
2025-01-25 16:18:00,335 INFO  [main] o.s.t.w.s.TestDispatcherServlet - Completed initialization in 0 ms
2025-01-25 16:18:00,384 INFO  [main] o.s.m.w.MockServletContext - Initializing Spring TestDispatcherServlet ''
2025-01-25 16:18:00,384 INFO  [main] o.s.t.w.s.TestDispatcherServlet - Initializing Servlet ''
2025-01-25 16:18:00,386 INFO  [main] o.s.t.w.s.TestDispatcherServlet - Completed initialization in 0 ms
2025-01-25 16:18:00,452 INFO  [main] o.s.b.t.a.w.s.WebMvcTestContextBootstrapper - Neither @ContextConfiguration nor @ContextHierarchy found for test class [market.controller.frontend.CustomerControllerTest], using SpringBootContextLoader
2025-01-25 16:18:00,453 INFO  [main] o.s.t.c.s.AbstractContextLoader - Could not detect default resource locations for test class [market.controller.frontend.CustomerControllerTest]: no resource found for suffixes {-context.xml, Context.groovy}.
2025-01-25 16:18:00,453 INFO  [main] o.s.t.c.s.AnnotationConfigContextLoaderUtils - Could not detect default configuration classes for test class [market.controller.frontend.CustomerControllerTest]: CustomerControllerTest does not declare any static, non-private, non-final, nested classes annotated with @Configuration.
2025-01-25 16:18:00,456 INFO  [main] o.s.b.t.c.SpringBootTestContextBootstrapper - Found @SpringBootConfiguration market.controller.Application for test class market.controller.frontend.CustomerControllerTest
2025-01-25 16:18:00,460 INFO  [main] o.s.b.t.a.w.s.WebMvcTestContextBootstrapper - Loaded default TestExecutionListener class names from location [META-INF/spring.factories]: [org.springframework.boot.test.mock.mockito.MockitoTestExecutionListener, org.springframework.boot.test.mock.mockito.ResetMocksTestExecutionListener, org.springframework.boot.test.autoconfigure.restdocs.RestDocsTestExecutionListener, org.springframework.boot.test.autoconfigure.web.client.MockRestServiceServerResetTestExecutionListener, org.springframework.boot.test.autoconfigure.web.servlet.MockMvcPrintOnlyOnFailureTestExecutionListener, org.springframework.boot.test.autoconfigure.web.servlet.WebDriverTestExecutionListener, org.springframework.boot.test.autoconfigure.webservices.client.MockWebServiceServerTestExecutionListener, org.springframework.test.context.web.ServletTestExecutionListener, org.springframework.test.context.support.DirtiesContextBeforeModesTestExecutionListener, org.springframework.test.context.event.ApplicationEventsTestExecutionListener, org.springframework.test.context.support.DependencyInjectionTestExecutionListener, org.springframework.test.context.support.DirtiesContextTestExecutionListener, org.springframework.test.context.transaction.TransactionalTestExecutionListener, org.springframework.test.context.jdbc.SqlScriptsTestExecutionListener, org.springframework.test.context.event.EventPublishingTestExecutionListener]
2025-01-25 16:18:00,460 INFO  [main] o.s.b.t.a.w.s.WebMvcTestContextBootstrapper - Using TestExecutionListeners: [org.springframework.test.context.web.ServletTestExecutionListener@62072869, org.springframework.test.context.support.DirtiesContextBeforeModesTestExecutionListener@6ea58ffb, org.springframework.test.context.event.ApplicationEventsTestExecutionListener@9b828a8, org.springframework.boot.test.mock.mockito.MockitoTestExecutionListener@bd0311d, org.springframework.boot.test.autoconfigure.SpringBootDependencyInjectionTestExecutionListener@50cf046e, org.springframework.test.context.support.DirtiesContextTestExecutionListener@125793db, org.springframework.test.context.transaction.TransactionalTestExecutionListener@5a621451, org.springframework.test.context.jdbc.SqlScriptsTestExecutionListener@50309ed9, org.springframework.test.context.event.EventPublishingTestExecutionListener@78740cc5, org.springframework.boot.test.mock.mockito.ResetMocksTestExecutionListener@5693915b, org.springframework.boot.test.autoconfigure.restdocs.RestDocsTestExecutionListener@1c19d744, org.springframework.boot.test.autoconfigure.web.client.MockRestServiceServerResetTestExecutionListener@480b5448, org.springframework.boot.test.autoconfigure.web.servlet.MockMvcPrintOnlyOnFailureTestExecutionListener@10416ba8, org.springframework.boot.test.autoconfigure.web.servlet.WebDriverTestExecutionListener@5a1239b2, org.springframework.boot.test.autoconfigure.webservices.client.MockWebServiceServerTestExecutionListener@8e36643]
2025-01-25 16:18:00,484 INFO  [main] m.c.f.CustomerControllerTest - Starting CustomerControllerTest using Java 11.0.25 on daniela-VirtualBox with PID 82542 (started by daniela in /home/daniela/Downloads/EMB-master/jdk_11_maven/cs/rest-gui/market/market-web)
2025-01-25 16:18:00,484 DEBUG [main] m.c.f.CustomerControllerTest - Running with Spring Boot v2.4.3, Spring v5.3.4
2025-01-25 16:18:00,485 INFO  [main] m.c.f.CustomerControllerTest - No active profile set, falling back to default profiles: default
2025-01-25 16:18:00,485 WARN  [main] o.s.b.c.c.ConfigDataEnvironment - Property 'spring.profiles' imported from location 'class path resource [application.yml]' is invalid and should be replaced with 'spring.config.activate.on-profile' [origin: class path resource [application.yml] - 41:13]
2025-01-25 16:18:00,485 WARN  [main] o.s.b.c.c.ConfigDataEnvironment - Property 'spring.profiles' imported from location 'class path resource [application.yml]' is invalid and should be replaced with 'spring.config.activate.on-profile' [origin: class path resource [application.yml] - 24:13]
2025-01-25 16:18:00,803 INFO  [main] o.s.s.c.ThreadPoolTaskExecutor - Initializing ExecutorService 'applicationTaskExecutor'
2025-01-25 16:18:00,816 INFO  [main] o.s.b.a.w.s.WelcomePageHandlerMapping - Adding welcome page template: index
2025-01-25 16:18:00,965 INFO  [main] o.s.b.a.s.s.UserDetailsServiceAutoConfiguration - 

Using generated security password: 74a4dc46-5ade-46b1-ac5b-b06f9c5c3ba3

2025-01-25 16:18:00,997 INFO  [main] o.s.s.w.DefaultSecurityFilterChain - Will secure any request with [org.springframework.security.web.context.request.async.WebAsyncManagerIntegrationFilter@2cc94960, org.springframework.security.web.context.SecurityContextPersistenceFilter@2001b9ca, org.springframework.security.web.header.HeaderWriterFilter@3a9f186f, org.springframework.security.web.csrf.CsrfFilter@4f1b0725, org.springframework.security.web.authentication.logout.LogoutFilter@563f5e08, org.springframework.security.web.authentication.UsernamePasswordAuthenticationFilter@1e659086, org.springframework.security.web.authentication.ui.DefaultLoginPageGeneratingFilter@5e663143, org.springframework.security.web.authentication.ui.DefaultLogoutPageGeneratingFilter@6f716988, org.springframework.security.web.authentication.www.BasicAuthenticationFilter@1e71c8ca, org.springframework.security.web.savedrequest.RequestCacheAwareFilter@2b7464a8, org.springframework.security.web.servletapi.SecurityContextHolderAwareRequestFilter@69ea4dc9, org.springframework.security.web.authentication.AnonymousAuthenticationFilter@5da22540, org.springframework.security.web.session.SessionManagementFilter@3734b226, org.springframework.security.web.access.ExceptionTranslationFilter@2b840f45, org.springframework.security.web.access.intercept.FilterSecurityInterceptor@36cea6af]
2025-01-25 16:18:01,014 INFO  [main] o.s.b.t.m.w.SpringBootMockServletContext - Initializing Spring TestDispatcherServlet ''
2025-01-25 16:18:01,015 INFO  [main] o.s.t.w.s.TestDispatcherServlet - Initializing Servlet ''
2025-01-25 16:18:01,015 INFO  [main] o.s.t.w.s.TestDispatcherServlet - Completed initialization in 0 ms
2025-01-25 16:18:01,023 INFO  [main] m.c.f.CustomerControllerTest - Started CustomerControllerTest in 0.56 seconds (JVM running for 13.25)
2025-01-25 16:18:01,033 INFO  [main] o.s.m.w.MockServletContext - Initializing Spring TestDispatcherServlet ''
2025-01-25 16:18:01,034 INFO  [main] o.s.t.w.s.TestDispatcherServlet - Initializing Servlet ''
2025-01-25 16:18:01,034 INFO  [main] o.s.t.w.s.TestDispatcherServlet - Completed initialization in 0 ms
2025-01-25 16:18:01,077 INFO  [main] o.s.m.w.MockServletContext - Initializing Spring TestDispatcherServlet ''
2025-01-25 16:18:01,085 INFO  [main] o.s.t.w.s.TestDispatcherServlet - Initializing Servlet ''
2025-01-25 16:18:01,109 INFO  [main] o.s.t.w.s.TestDispatcherServlet - Completed initialization in 0 ms
2025-01-25 16:18:01,161 INFO  [main] o.s.m.w.MockServletContext - Initializing Spring TestDispatcherServlet ''
2025-01-25 16:18:01,166 INFO  [main] o.s.t.w.s.TestDispatcherServlet - Initializing Servlet ''
2025-01-25 16:18:01,166 INFO  [main] o.s.t.w.s.TestDispatcherServlet - Completed initialization in 0 ms
2025-01-25 16:18:01,176 INFO  [main] o.s.b.t.a.w.s.WebMvcTestContextBootstrapper - Neither @ContextConfiguration nor @ContextHierarchy found for test class [market.controller.frontend.CartControllerTest], using SpringBootContextLoader
2025-01-25 16:18:01,179 INFO  [main] o.s.t.c.s.AbstractContextLoader - Could not detect default resource locations for test class [market.controller.frontend.CartControllerTest]: no resource found for suffixes {-context.xml, Context.groovy}.
2025-01-25 16:18:01,180 INFO  [main] o.s.t.c.s.AnnotationConfigContextLoaderUtils - Could not detect default configuration classes for test class [market.controller.frontend.CartControllerTest]: CartControllerTest does not declare any static, non-private, non-final, nested classes annotated with @Configuration.
2025-01-25 16:18:01,203 INFO  [main] o.s.b.t.c.SpringBootTestContextBootstrapper - Found @SpringBootConfiguration market.controller.Application for test class market.controller.frontend.CartControllerTest
2025-01-25 16:18:01,204 INFO  [main] o.s.b.t.a.w.s.WebMvcTestContextBootstrapper - Loaded default TestExecutionListener class names from location [META-INF/spring.factories]: [org.springframework.boot.test.mock.mockito.MockitoTestExecutionListener, org.springframework.boot.test.mock.mockito.ResetMocksTestExecutionListener, org.springframework.boot.test.autoconfigure.restdocs.RestDocsTestExecutionListener, org.springframework.boot.test.autoconfigure.web.client.MockRestServiceServerResetTestExecutionListener, org.springframework.boot.test.autoconfigure.web.servlet.MockMvcPrintOnlyOnFailureTestExecutionListener, org.springframework.boot.test.autoconfigure.web.servlet.WebDriverTestExecutionListener, org.springframework.boot.test.autoconfigure.webservices.client.MockWebServiceServerTestExecutionListener, org.springframework.test.context.web.ServletTestExecutionListener, org.springframework.test.context.support.DirtiesContextBeforeModesTestExecutionListener, org.springframework.test.context.event.ApplicationEventsTestExecutionListener, org.springframework.test.context.support.DependencyInjectionTestExecutionListener, org.springframework.test.context.support.DirtiesContextTestExecutionListener, org.springframework.test.context.transaction.TransactionalTestExecutionListener, org.springframework.test.context.jdbc.SqlScriptsTestExecutionListener, org.springframework.test.context.event.EventPublishingTestExecutionListener]
2025-01-25 16:18:01,204 INFO  [main] o.s.b.t.a.w.s.WebMvcTestContextBootstrapper - Using TestExecutionListeners: [org.springframework.test.context.web.ServletTestExecutionListener@188f9d1c, org.springframework.test.context.support.DirtiesContextBeforeModesTestExecutionListener@451451d8, org.springframework.test.context.event.ApplicationEventsTestExecutionListener@be572f1, org.springframework.boot.test.mock.mockito.MockitoTestExecutionListener@74afaa1a, org.springframework.boot.test.autoconfigure.SpringBootDependencyInjectionTestExecutionListener@102caeee, org.springframework.test.context.support.DirtiesContextTestExecutionListener@7751a7a2, org.springframework.test.context.transaction.TransactionalTestExecutionListener@57033143, org.springframework.test.context.jdbc.SqlScriptsTestExecutionListener@5e75aec3, org.springframework.test.context.event.EventPublishingTestExecutionListener@2b5b203d, org.springframework.boot.test.mock.mockito.ResetMocksTestExecutionListener@514dfe43, org.springframework.boot.test.autoconfigure.restdocs.RestDocsTestExecutionListener@1f0a5400, org.springframework.boot.test.autoconfigure.web.client.MockRestServiceServerResetTestExecutionListener@6cfaf294, org.springframework.boot.test.autoconfigure.web.servlet.MockMvcPrintOnlyOnFailureTestExecutionListener@1e526dfe, org.springframework.boot.test.autoconfigure.web.servlet.WebDriverTestExecutionListener@20d32791, org.springframework.boot.test.autoconfigure.webservices.client.MockWebServiceServerTestExecutionListener@6db4cddf]
2025-01-25 16:18:01,302 INFO  [main] m.c.f.CartControllerTest - Starting CartControllerTest using Java 11.0.25 on daniela-VirtualBox with PID 82542 (started by daniela in /home/daniela/Downloads/EMB-master/jdk_11_maven/cs/rest-gui/market/market-web)
2025-01-25 16:18:01,305 DEBUG [main] m.c.f.CartControllerTest - Running with Spring Boot v2.4.3, Spring v5.3.4
2025-01-25 16:18:01,305 INFO  [main] m.c.f.CartControllerTest - No active profile set, falling back to default profiles: default
2025-01-25 16:18:01,313 WARN  [main] o.s.b.c.c.ConfigDataEnvironment - Property 'spring.profiles' imported from location 'class path resource [application.yml]' is invalid and should be replaced with 'spring.config.activate.on-profile' [origin: class path resource [application.yml] - 41:13]
2025-01-25 16:18:01,313 WARN  [main] o.s.b.c.c.ConfigDataEnvironment - Property 'spring.profiles' imported from location 'class path resource [application.yml]' is invalid and should be replaced with 'spring.config.activate.on-profile' [origin: class path resource [application.yml] - 24:13]
2025-01-25 16:18:01,575 INFO  [main] o.s.s.c.ThreadPoolTaskExecutor - Initializing ExecutorService 'applicationTaskExecutor'
2025-01-25 16:18:01,600 INFO  [main] o.s.b.a.w.s.WelcomePageHandlerMapping - Adding welcome page template: index
2025-01-25 16:18:01,707 INFO  [main] o.s.b.a.s.s.UserDetailsServiceAutoConfiguration - 

Using generated security password: 6de98291-e9d3-44ae-9f73-1a9eb906cee0

2025-01-25 16:18:01,739 INFO  [main] o.s.s.w.DefaultSecurityFilterChain - Will secure any request with [org.springframework.security.web.context.request.async.WebAsyncManagerIntegrationFilter@5fb6b271, org.springframework.security.web.context.SecurityContextPersistenceFilter@3e6a266f, org.springframework.security.web.header.HeaderWriterFilter@65fd262d, org.springframework.security.web.csrf.CsrfFilter@1ce563d0, org.springframework.security.web.authentication.logout.LogoutFilter@799a557, org.springframework.security.web.authentication.UsernamePasswordAuthenticationFilter@58209a42, org.springframework.security.web.authentication.ui.DefaultLoginPageGeneratingFilter@f6fad5d, org.springframework.security.web.authentication.ui.DefaultLogoutPageGeneratingFilter@70f4b378, org.springframework.security.web.authentication.www.BasicAuthenticationFilter@389bb23b, org.springframework.security.web.savedrequest.RequestCacheAwareFilter@5c8a9e9f, org.springframework.security.web.servletapi.SecurityContextHolderAwareRequestFilter@504a076d, org.springframework.security.web.authentication.AnonymousAuthenticationFilter@2cdac5ae, org.springframework.security.web.session.SessionManagementFilter@9a62f68, org.springframework.security.web.access.ExceptionTranslationFilter@37eaad10, org.springframework.security.web.access.intercept.FilterSecurityInterceptor@2251a798]
2025-01-25 16:18:01,765 INFO  [main] o.s.b.t.m.w.SpringBootMockServletContext - Initializing Spring TestDispatcherServlet ''
2025-01-25 16:18:01,766 INFO  [main] o.s.t.w.s.TestDispatcherServlet - Initializing Servlet ''
2025-01-25 16:18:01,766 INFO  [main] o.s.t.w.s.TestDispatcherServlet - Completed initialization in 0 ms
2025-01-25 16:18:01,775 INFO  [main] m.c.f.CartControllerTest - Started CartControllerTest in 0.568 seconds (JVM running for 14.002)
2025-01-25 16:18:01,798 INFO  [main] o.s.m.w.MockServletContext - Initializing Spring TestDispatcherServlet ''
2025-01-25 16:18:01,798 INFO  [main] o.s.t.w.s.TestDispatcherServlet - Initializing Servlet ''
2025-01-25 16:18:01,805 INFO  [main] o.s.t.w.s.TestDispatcherServlet - Completed initialization in 6 ms
2025-01-25 16:18:02,032 INFO  [main] o.s.m.w.MockServletContext - Initializing Spring TestDispatcherServlet ''
2025-01-25 16:18:02,032 INFO  [main] o.s.t.w.s.TestDispatcherServlet - Initializing Servlet ''
2025-01-25 16:18:02,036 INFO  [main] o.s.t.w.s.TestDispatcherServlet - Completed initialization in 4 ms
2025-01-25 16:18:02,084 INFO  [main] o.s.m.w.MockServletContext - Initializing Spring TestDispatcherServlet ''
2025-01-25 16:18:02,084 INFO  [main] o.s.t.w.s.TestDispatcherServlet - Initializing Servlet ''
2025-01-25 16:18:02,084 INFO  [main] o.s.t.w.s.TestDispatcherServlet - Completed initialization in 0 ms
2025-01-25 16:18:02,203 INFO  [main] o.s.m.w.MockServletContext - Initializing Spring TestDispatcherServlet ''
2025-01-25 16:18:02,208 INFO  [main] o.s.t.w.s.TestDispatcherServlet - Initializing Servlet ''
2025-01-25 16:18:02,208 INFO  [main] o.s.t.w.s.TestDispatcherServlet - Completed initialization in 0 ms
2025-01-25 16:18:02,272 INFO  [main] o.s.m.w.MockServletContext - Initializing Spring TestDispatcherServlet ''
2025-01-25 16:18:02,276 INFO  [main] o.s.t.w.s.TestDispatcherServlet - Initializing Servlet ''
2025-01-25 16:18:02,276 INFO  [main] o.s.t.w.s.TestDispatcherServlet - Completed initialization in 0 ms
2025-01-25 16:18:02,414 INFO  [main] o.s.m.w.MockServletContext - Initializing Spring TestDispatcherServlet ''
2025-01-25 16:18:02,414 INFO  [main] o.s.t.w.s.TestDispatcherServlet - Initializing Servlet ''
2025-01-25 16:18:02,414 INFO  [main] o.s.t.w.s.TestDispatcherServlet - Completed initialization in 0 ms
2025-01-25 16:18:02,526 INFO  [main] o.s.m.w.MockServletContext - Initializing Spring TestDispatcherServlet ''
2025-01-25 16:18:02,527 INFO  [main] o.s.t.w.s.TestDispatcherServlet - Initializing Servlet ''
2025-01-25 16:18:02,527 INFO  [main] o.s.t.w.s.TestDispatcherServlet - Completed initialization in 0 ms
2025-01-25 16:18:02,579 INFO  [main] o.s.b.t.a.w.s.WebMvcTestContextBootstrapper - Neither @ContextConfiguration nor @ContextHierarchy found for test class [market.controller.frontend.CheckoutControllerTest], using SpringBootContextLoader
2025-01-25 16:18:02,580 INFO  [main] o.s.t.c.s.AbstractContextLoader - Could not detect default resource locations for test class [market.controller.frontend.CheckoutControllerTest]: no resource found for suffixes {-context.xml, Context.groovy}.
2025-01-25 16:18:02,580 INFO  [main] o.s.t.c.s.AnnotationConfigContextLoaderUtils - Could not detect default configuration classes for test class [market.controller.frontend.CheckoutControllerTest]: CheckoutControllerTest does not declare any static, non-private, non-final, nested classes annotated with @Configuration.
2025-01-25 16:18:02,625 INFO  [main] o.s.b.t.c.SpringBootTestContextBootstrapper - Found @SpringBootConfiguration market.controller.Application for test class market.controller.frontend.CheckoutControllerTest
2025-01-25 16:18:02,625 INFO  [main] o.s.b.t.a.w.s.WebMvcTestContextBootstrapper - Loaded default TestExecutionListener class names from location [META-INF/spring.factories]: [org.springframework.boot.test.mock.mockito.MockitoTestExecutionListener, org.springframework.boot.test.mock.mockito.ResetMocksTestExecutionListener, org.springframework.boot.test.autoconfigure.restdocs.RestDocsTestExecutionListener, org.springframework.boot.test.autoconfigure.web.client.MockRestServiceServerResetTestExecutionListener, org.springframework.boot.test.autoconfigure.web.servlet.MockMvcPrintOnlyOnFailureTestExecutionListener, org.springframework.boot.test.autoconfigure.web.servlet.WebDriverTestExecutionListener, org.springframework.boot.test.autoconfigure.webservices.client.MockWebServiceServerTestExecutionListener, org.springframework.test.context.web.ServletTestExecutionListener, org.springframework.test.context.support.DirtiesContextBeforeModesTestExecutionListener, org.springframework.test.context.event.ApplicationEventsTestExecutionListener, org.springframework.test.context.support.DependencyInjectionTestExecutionListener, org.springframework.test.context.support.DirtiesContextTestExecutionListener, org.springframework.test.context.transaction.TransactionalTestExecutionListener, org.springframework.test.context.jdbc.SqlScriptsTestExecutionListener, org.springframework.test.context.event.EventPublishingTestExecutionListener]
2025-01-25 16:18:02,626 INFO  [main] o.s.b.t.a.w.s.WebMvcTestContextBootstrapper - Using TestExecutionListeners: [org.springframework.test.context.web.ServletTestExecutionListener@66987e79, org.springframework.test.context.support.DirtiesContextBeforeModesTestExecutionListener@7986ddde, org.springframework.test.context.event.ApplicationEventsTestExecutionListener@18465e1a, org.springframework.boot.test.mock.mockito.MockitoTestExecutionListener@511af385, org.springframework.boot.test.autoconfigure.SpringBootDependencyInjectionTestExecutionListener@74543469, org.springframework.test.context.support.DirtiesContextTestExecutionListener@3bf36f10, org.springframework.test.context.transaction.TransactionalTestExecutionListener@11ef50fa, org.springframework.test.context.jdbc.SqlScriptsTestExecutionListener@176f1f99, org.springframework.test.context.event.EventPublishingTestExecutionListener@42cd8661, org.springframework.boot.test.mock.mockito.ResetMocksTestExecutionListener@62e6fac7, org.springframework.boot.test.autoconfigure.restdocs.RestDocsTestExecutionListener@9651ee1, org.springframework.boot.test.autoconfigure.web.client.MockRestServiceServerResetTestExecutionListener@66194b83, org.springframework.boot.test.autoconfigure.web.servlet.MockMvcPrintOnlyOnFailureTestExecutionListener@484937af, org.springframework.boot.test.autoconfigure.web.servlet.WebDriverTestExecutionListener@1d2cdca3, org.springframework.boot.test.autoconfigure.webservices.client.MockWebServiceServerTestExecutionListener@3c1f4bf1]
2025-01-25 16:18:02,707 INFO  [main] m.c.f.CheckoutControllerTest - Starting CheckoutControllerTest using Java 11.0.25 on daniela-VirtualBox with PID 82542 (started by daniela in /home/daniela/Downloads/EMB-master/jdk_11_maven/cs/rest-gui/market/market-web)
2025-01-25 16:18:02,707 DEBUG [main] m.c.f.CheckoutControllerTest - Running with Spring Boot v2.4.3, Spring v5.3.4
2025-01-25 16:18:02,707 INFO  [main] m.c.f.CheckoutControllerTest - No active profile set, falling back to default profiles: default
2025-01-25 16:18:02,708 WARN  [main] o.s.b.c.c.ConfigDataEnvironment - Property 'spring.profiles' imported from location 'class path resource [application.yml]' is invalid and should be replaced with 'spring.config.activate.on-profile' [origin: class path resource [application.yml] - 41:13]
2025-01-25 16:18:02,708 WARN  [main] o.s.b.c.c.ConfigDataEnvironment - Property 'spring.profiles' imported from location 'class path resource [application.yml]' is invalid and should be replaced with 'spring.config.activate.on-profile' [origin: class path resource [application.yml] - 24:13]
2025-01-25 16:18:03,060 INFO  [main] o.s.s.c.ThreadPoolTaskExecutor - Initializing ExecutorService 'applicationTaskExecutor'
2025-01-25 16:18:03,070 INFO  [main] o.s.b.a.w.s.WelcomePageHandlerMapping - Adding welcome page template: index
2025-01-25 16:18:03,148 INFO  [main] o.s.b.a.s.s.UserDetailsServiceAutoConfiguration - 

Using generated security password: 9ae4b004-4bfc-40c2-9966-35f930f482f8

2025-01-25 16:18:03,252 INFO  [main] o.s.s.w.DefaultSecurityFilterChain - Will secure any request with [org.springframework.security.web.context.request.async.WebAsyncManagerIntegrationFilter@1ec120b6, org.springframework.security.web.context.SecurityContextPersistenceFilter@2557d9f5, org.springframework.security.web.header.HeaderWriterFilter@5d6d613d, org.springframework.security.web.csrf.CsrfFilter@1f7952dd, org.springframework.security.web.authentication.logout.LogoutFilter@6209d88d, org.springframework.security.web.authentication.UsernamePasswordAuthenticationFilter@3985d1c8, org.springframework.security.web.authentication.ui.DefaultLoginPageGeneratingFilter@5b381221, org.springframework.security.web.authentication.ui.DefaultLogoutPageGeneratingFilter@622ca0cf, org.springframework.security.web.authentication.www.BasicAuthenticationFilter@6cce41d8, org.springframework.security.web.savedrequest.RequestCacheAwareFilter@533d56a3, org.springframework.security.web.servletapi.SecurityContextHolderAwareRequestFilter@656fb170, org.springframework.security.web.authentication.AnonymousAuthenticationFilter@75b026d3, org.springframework.security.web.session.SessionManagementFilter@706d929f, org.springframework.security.web.access.ExceptionTranslationFilter@4867cf6b, org.springframework.security.web.access.intercept.FilterSecurityInterceptor@5c441aa3]
2025-01-25 16:18:03,269 INFO  [main] o.s.b.t.m.w.SpringBootMockServletContext - Initializing Spring TestDispatcherServlet ''
2025-01-25 16:18:03,269 INFO  [main] o.s.t.w.s.TestDispatcherServlet - Initializing Servlet ''
2025-01-25 16:18:03,270 INFO  [main] o.s.t.w.s.TestDispatcherServlet - Completed initialization in 1 ms
2025-01-25 16:18:03,276 INFO  [main] m.c.f.CheckoutControllerTest - Started CheckoutControllerTest in 0.645 seconds (JVM running for 15.503)
2025-01-25 16:18:03,335 INFO  [main] o.s.m.w.MockServletContext - Initializing Spring TestDispatcherServlet ''
2025-01-25 16:18:03,335 INFO  [main] o.s.t.w.s.TestDispatcherServlet - Initializing Servlet ''
2025-01-25 16:18:03,335 INFO  [main] o.s.t.w.s.TestDispatcherServlet - Completed initialization in 0 ms
2025-01-25 16:18:03,367 INFO  [main] o.s.m.w.MockServletContext - Initializing Spring TestDispatcherServlet ''
2025-01-25 16:18:03,367 INFO  [main] o.s.t.w.s.TestDispatcherServlet - Initializing Servlet ''
2025-01-25 16:18:03,367 INFO  [main] o.s.t.w.s.TestDispatcherServlet - Completed initialization in 0 ms
2025-01-25 16:18:03,510 INFO  [main] o.s.m.w.MockServletContext - Initializing Spring TestDispatcherServlet ''
2025-01-25 16:18:03,510 INFO  [main] o.s.t.w.s.TestDispatcherServlet - Initializing Servlet ''
2025-01-25 16:18:03,517 INFO  [main] o.s.t.w.s.TestDispatcherServlet - Completed initialization in 7 ms
2025-01-25 16:18:03,589 INFO  [main] o.s.m.w.MockServletContext - Initializing Spring TestDispatcherServlet ''
2025-01-25 16:18:03,590 INFO  [main] o.s.t.w.s.TestDispatcherServlet - Initializing Servlet ''
2025-01-25 16:18:03,590 INFO  [main] o.s.t.w.s.TestDispatcherServlet - Completed initialization in 0 ms
2025-01-25 16:18:03,619 INFO  [main] o.s.m.w.MockServletContext - Initializing Spring TestDispatcherServlet ''
2025-01-25 16:18:03,619 INFO  [main] o.s.t.w.s.TestDispatcherServlet - Initializing Servlet ''
2025-01-25 16:18:03,619 INFO  [main] o.s.t.w.s.TestDispatcherServlet - Completed initialization in 0 ms
2025-01-25 16:18:03,695 INFO  [main] o.s.m.w.MockServletContext - Initializing Spring TestDispatcherServlet ''
2025-01-25 16:18:03,695 INFO  [main] o.s.t.w.s.TestDispatcherServlet - Initializing Servlet ''
2025-01-25 16:18:03,695 INFO  [main] o.s.t.w.s.TestDispatcherServlet - Completed initialization in 0 ms
2025-01-25 16:18:03,731 INFO  [main] o.s.m.w.MockServletContext - Initializing Spring TestDispatcherServlet ''
2025-01-25 16:18:03,733 INFO  [main] o.s.t.w.s.TestDispatcherServlet - Initializing Servlet ''
2025-01-25 16:18:03,734 INFO  [main] o.s.t.w.s.TestDispatcherServlet - Completed initialization in 1 ms
2025-01-25 16:18:03,752 INFO  [main] o.s.b.t.a.w.s.WebMvcTestContextBootstrapper - Neither @ContextConfiguration nor @ContextHierarchy found for test class [market.controller.frontend.FrontendControllerTest], using SpringBootContextLoader
2025-01-25 16:18:03,752 INFO  [main] o.s.t.c.s.AbstractContextLoader - Could not detect default resource locations for test class [market.controller.frontend.FrontendControllerTest]: no resource found for suffixes {-context.xml, Context.groovy}.
2025-01-25 16:18:03,752 INFO  [main] o.s.t.c.s.AnnotationConfigContextLoaderUtils - Could not detect default configuration classes for test class [market.controller.frontend.FrontendControllerTest]: FrontendControllerTest does not declare any static, non-private, non-final, nested classes annotated with @Configuration.
2025-01-25 16:18:03,754 INFO  [main] o.s.b.t.c.SpringBootTestContextBootstrapper - Found @SpringBootConfiguration market.controller.Application for test class market.controller.frontend.FrontendControllerTest
2025-01-25 16:18:03,754 INFO  [main] o.s.b.t.a.w.s.WebMvcTestContextBootstrapper - Loaded default TestExecutionListener class names from location [META-INF/spring.factories]: [org.springframework.boot.test.mock.mockito.MockitoTestExecutionListener, org.springframework.boot.test.mock.mockito.ResetMocksTestExecutionListener, org.springframework.boot.test.autoconfigure.restdocs.RestDocsTestExecutionListener, org.springframework.boot.test.autoconfigure.web.client.MockRestServiceServerResetTestExecutionListener, org.springframework.boot.test.autoconfigure.web.servlet.MockMvcPrintOnlyOnFailureTestExecutionListener, org.springframework.boot.test.autoconfigure.web.servlet.WebDriverTestExecutionListener, org.springframework.boot.test.autoconfigure.webservices.client.MockWebServiceServerTestExecutionListener, org.springframework.test.context.web.ServletTestExecutionListener, org.springframework.test.context.support.DirtiesContextBeforeModesTestExecutionListener, org.springframework.test.context.event.ApplicationEventsTestExecutionListener, org.springframework.test.context.support.DependencyInjectionTestExecutionListener, org.springframework.test.context.support.DirtiesContextTestExecutionListener, org.springframework.test.context.transaction.TransactionalTestExecutionListener, org.springframework.test.context.jdbc.SqlScriptsTestExecutionListener, org.springframework.test.context.event.EventPublishingTestExecutionListener]
2025-01-25 16:18:03,754 INFO  [main] o.s.b.t.a.w.s.WebMvcTestContextBootstrapper - Using TestExecutionListeners: [org.springframework.test.context.web.ServletTestExecutionListener@2433ea91, org.springframework.test.context.support.DirtiesContextBeforeModesTestExecutionListener@58ef7aa7, org.springframework.test.context.event.ApplicationEventsTestExecutionListener@7d7d1c10, org.springframework.boot.test.mock.mockito.MockitoTestExecutionListener@24b8b293, org.springframework.boot.test.autoconfigure.SpringBootDependencyInjectionTestExecutionListener@1fe4b3f7, org.springframework.test.context.support.DirtiesContextTestExecutionListener@3cfdc8ee, org.springframework.test.context.transaction.TransactionalTestExecutionListener@2975cefd, org.springframework.test.context.jdbc.SqlScriptsTestExecutionListener@48b8cd6a, org.springframework.test.context.event.EventPublishingTestExecutionListener@72f9a481, org.springframework.boot.test.mock.mockito.ResetMocksTestExecutionListener@2091b888, org.springframework.boot.test.autoconfigure.restdocs.RestDocsTestExecutionListener@27149841, org.springframework.boot.test.autoconfigure.web.client.MockRestServiceServerResetTestExecutionListener@29c9c254, org.springframework.boot.test.autoconfigure.web.servlet.MockMvcPrintOnlyOnFailureTestExecutionListener@162ba640, org.springframework.boot.test.autoconfigure.web.servlet.WebDriverTestExecutionListener@3bd319f5, org.springframework.boot.test.autoconfigure.webservices.client.MockWebServiceServerTestExecutionListener@3806585e]
2025-01-25 16:18:03,781 INFO  [main] m.c.f.FrontendControllerTest - Starting FrontendControllerTest using Java 11.0.25 on daniela-VirtualBox with PID 82542 (started by daniela in /home/daniela/Downloads/EMB-master/jdk_11_maven/cs/rest-gui/market/market-web)
2025-01-25 16:18:03,781 DEBUG [main] m.c.f.FrontendControllerTest - Running with Spring Boot v2.4.3, Spring v5.3.4
2025-01-25 16:18:03,782 INFO  [main] m.c.f.FrontendControllerTest - No active profile set, falling back to default profiles: default
2025-01-25 16:18:03,783 WARN  [main] o.s.b.c.c.ConfigDataEnvironment - Property 'spring.profiles' imported from location 'class path resource [application.yml]' is invalid and should be replaced with 'spring.config.activate.on-profile' [origin: class path resource [application.yml] - 41:13]
2025-01-25 16:18:03,783 WARN  [main] o.s.b.c.c.ConfigDataEnvironment - Property 'spring.profiles' imported from location 'class path resource [application.yml]' is invalid and should be replaced with 'spring.config.activate.on-profile' [origin: class path resource [application.yml] - 24:13]
2025-01-25 16:18:03,971 INFO  [main] o.s.s.c.ThreadPoolTaskExecutor - Initializing ExecutorService 'applicationTaskExecutor'
2025-01-25 16:18:04,002 INFO  [main] o.s.b.a.w.s.WelcomePageHandlerMapping - Adding welcome page template: index
2025-01-25 16:18:04,123 INFO  [main] o.s.b.a.s.s.UserDetailsServiceAutoConfiguration - 

Using generated security password: 5ff52dab-f582-42a1-9ef2-990be872ea98

2025-01-25 16:18:04,226 INFO  [main] o.s.s.w.DefaultSecurityFilterChain - Will secure any request with [org.springframework.security.web.context.request.async.WebAsyncManagerIntegrationFilter@163a3b39, org.springframework.security.web.context.SecurityContextPersistenceFilter@5f468112, org.springframework.security.web.header.HeaderWriterFilter@1753ce03, org.springframework.security.web.csrf.CsrfFilter@58e28c96, org.springframework.security.web.authentication.logout.LogoutFilter@1f31d1cf, org.springframework.security.web.authentication.UsernamePasswordAuthenticationFilter@7757b3a4, org.springframework.security.web.authentication.ui.DefaultLoginPageGeneratingFilter@627e07c8, org.springframework.security.web.authentication.ui.DefaultLogoutPageGeneratingFilter@73e73d8a, org.springframework.security.web.authentication.www.BasicAuthenticationFilter@718ba895, org.springframework.security.web.savedrequest.RequestCacheAwareFilter@f0e5786, org.springframework.security.web.servletapi.SecurityContextHolderAwareRequestFilter@624b3b2, org.springframework.security.web.authentication.AnonymousAuthenticationFilter@39676ac1, org.springframework.security.web.session.SessionManagementFilter@130c39d9, org.springframework.security.web.access.ExceptionTranslationFilter@7cf59da9, org.springframework.security.web.access.intercept.FilterSecurityInterceptor@125efcc8]
2025-01-25 16:18:04,253 INFO  [main] o.s.b.t.m.w.SpringBootMockServletContext - Initializing Spring TestDispatcherServlet ''
2025-01-25 16:18:04,253 INFO  [main] o.s.t.w.s.TestDispatcherServlet - Initializing Servlet ''
2025-01-25 16:18:04,255 INFO  [main] o.s.t.w.s.TestDispatcherServlet - Completed initialization in 2 ms
2025-01-25 16:18:04,266 INFO  [main] m.c.f.FrontendControllerTest - Started FrontendControllerTest in 0.508 seconds (JVM running for 16.493)
2025-01-25 16:18:04,312 INFO  [main] o.s.m.w.MockServletContext - Initializing Spring TestDispatcherServlet ''
2025-01-25 16:18:04,312 INFO  [main] o.s.t.w.s.TestDispatcherServlet - Initializing Servlet ''
2025-01-25 16:18:04,312 INFO  [main] o.s.t.w.s.TestDispatcherServlet - Completed initialization in 0 ms
2025-01-25 16:18:04,333 INFO  [main] o.s.m.w.MockServletContext - Initializing Spring TestDispatcherServlet ''
2025-01-25 16:18:04,334 INFO  [main] o.s.t.w.s.TestDispatcherServlet - Initializing Servlet ''
2025-01-25 16:18:04,334 INFO  [main] o.s.t.w.s.TestDispatcherServlet - Completed initialization in 0 ms
2025-01-25 16:18:04,547 INFO  [SpringContextShutdownHook] o.s.s.c.ThreadPoolTaskExecutor - Shutting down ExecutorService 'applicationTaskExecutor'
2025-01-25 16:18:04,547 INFO  [SpringContextShutdownHook] o.s.s.c.ThreadPoolTaskExecutor - Shutting down ExecutorService 'applicationTaskExecutor'
2025-01-25 16:18:04,548 INFO  [SpringContextShutdownHook] o.s.s.c.ThreadPoolTaskExecutor - Shutting down ExecutorService 'applicationTaskExecutor'
2025-01-25 16:18:04,552 INFO  [SpringContextShutdownHook] o.s.s.c.ThreadPoolTaskExecutor - Shutting down ExecutorService 'applicationTaskExecutor'
2025-01-25 16:18:04,555 INFO  [SpringContextShutdownHook] o.s.s.c.ThreadPoolTaskExecutor - Shutting down ExecutorService 'applicationTaskExecutor'
2025-01-25 16:18:04,555 INFO  [SpringContextShutdownHook] o.s.s.c.ThreadPoolTaskExecutor - Shutting down ExecutorService 'applicationTaskExecutor'
2025-01-25 16:18:04,556 INFO  [SpringContextShutdownHook] o.s.s.c.ThreadPoolTaskExecutor - Shutting down ExecutorService 'applicationTaskExecutor'
2025-01-25 16:18:04,556 INFO  [SpringContextShutdownHook] o.s.s.c.ThreadPoolTaskExecutor - Shutting down ExecutorService 'applicationTaskExecutor'
2025-01-25 16:18:04,559 INFO  [SpringContextShutdownHook] o.s.s.c.ThreadPoolTaskExecutor - Shutting down ExecutorService 'applicationTaskExecutor'
2025-01-25 16:18:04,559 INFO  [SpringContextShutdownHook] o.s.s.c.ThreadPoolTaskExecutor - Shutting down ExecutorService 'applicationTaskExecutor'
2025-01-25 16:18:04,560 INFO  [SpringContextShutdownHook] o.s.s.c.ThreadPoolTaskExecutor - Shutting down ExecutorService 'applicationTaskExecutor'
